RECEIVER :: DEBUG – received event buy with trace id 82012390-e1d4-4210-8fff-3f0a52edbe05
RECEIVER :: DEBUG – received event buy with trace id 0f296311-acee-4695-a1a5-487841bc74af
RECEIVER :: DEBUG – Received response with trace id 0f296311-acee-4695-a1a5-487841bc74af, status code 404
RECEIVER :: DEBUG – received event buy with trace id 0de5c69b-d440-4855-a8c8-eda0c2251bc3
RECEIVER :: DEBUG – Received response with trace id 0de5c69b-d440-4855-a8c8-eda0c2251bc3, status code 404
RECEIVER :: DEBUG – received event buy with trace id 1db05f73-de95-493c-ad98-f3fc70fe2f88
RECEIVER :: DEBUG – Received response with trace id 1db05f73-de95-493c-ad98-f3fc70fe2f88, status code 201
RECEIVER :: DEBUG – received event buy with trace id 82ab0125-9fd2-4273-a05e-6ca179d38475
RECEIVER :: DEBUG – Received response with trace id 82ab0125-9fd2-4273-a05e-6ca179d38475, status code 201
RECEIVER :: DEBUG – received event buy with trace id eb3babff-cdc2-469b-8d3a-9920ae3b79a2
RECEIVER :: DEBUG – Received response with trace id eb3babff-cdc2-469b-8d3a-9920ae3b79a2, status code 201
RECEIVER :: DEBUG – received event buy with trace id 924eb97b-b119-4dc0-8c99-cbcae7567746
RECEIVER :: DEBUG – Received response with trace id 924eb97b-b119-4dc0-8c99-cbcae7567746, status code 201
RECEIVER :: DEBUG – received event buy with trace id df4b6acf-6824-4b24-88fd-b83f17876ea5
RECEIVER :: DEBUG – Received response with trace id df4b6acf-6824-4b24-88fd-b83f17876ea5, status code 500
RECEIVER :: DEBUG – received event buy with trace id 0081b17d-d5b9-4d66-8859-5e5d7ca827bf
RECEIVER :: DEBUG – Received response with trace id 0081b17d-d5b9-4d66-8859-5e5d7ca827bf, status code 500
RECEIVER :: DEBUG – received event buy with trace id ffbfc715-ffc8-4a20-84f9-25360e5ebafd
RECEIVER :: DEBUG – Received response with trace id ffbfc715-ffc8-4a20-84f9-25360e5ebafd, status code 500
RECEIVER :: DEBUG – received event buy with trace id 5fd7d794-e820-4f36-89ed-8b6ebde3813c
RECEIVER :: DEBUG – Received response with trace id 5fd7d794-e820-4f36-89ed-8b6ebde3813c, status code 201
RECEIVER :: DEBUG – received event buy with trace id 971425b9-2c45-4901-b395-f00525f62c07
RECEIVER :: DEBUG – Received response with trace id 971425b9-2c45-4901-b395-f00525f62c07, status code 201
RECEIVER :: DEBUG – received event buy with trace id 51857907-b3a4-4ac4-b67c-65a391aabeb8
RECEIVER :: DEBUG – Received response with trace id 51857907-b3a4-4ac4-b67c-65a391aabeb8, status code 201
RECEIVER :: DEBUG – received event buy with trace id 5c7537e7-cc18-4223-9641-f2c43d9f8fb4
RECEIVER :: DEBUG – Received response with trace id 5c7537e7-cc18-4223-9641-f2c43d9f8fb4, status code 201
RECEIVER :: DEBUG – received event sell with trace id 65eb3920-c982-45a3-81e5-1ebd27da550e
RECEIVER :: DEBUG – Received response with trace id 65eb3920-c982-45a3-81e5-1ebd27da550e, status code 204
RECEIVER :: DEBUG – received event sell with trace id f8dd33fb-6f50-4504-b8e5-a6f65fd1f0f5
RECEIVER :: DEBUG – Received response with trace id f8dd33fb-6f50-4504-b8e5-a6f65fd1f0f5, status code 204
RECEIVER :: DEBUG – received event buy with trace id c555be8c-9d9d-4028-8822-3c1697055d4d
RECEIVER :: DEBUG – Received response with trace id c555be8c-9d9d-4028-8822-3c1697055d4d, status code 201
RECEIVER :: DEBUG – received event buy with trace id 7777dffc-51a3-431d-8a1f-8db86805cfb9
RECEIVER :: DEBUG – Received response with trace id 7777dffc-51a3-431d-8a1f-8db86805cfb9, status code 201
RECEIVER :: DEBUG – received event buy with trace id 79c3529f-2236-4a11-a6cf-b9d66a2bfc55
RECEIVER :: DEBUG – Received response with trace id 79c3529f-2236-4a11-a6cf-b9d66a2bfc55, status code 201
RECEIVER :: DEBUG – received event buy with trace id 69933aea-9842-491e-9354-0e665fbbdbc4
RECEIVER :: DEBUG – Received response with trace id 69933aea-9842-491e-9354-0e665fbbdbc4, status code 201
RECEIVER :: DEBUG – received event buy with trace id a97d2890-71a6-4292-96af-7dd0c0958a50
RECEIVER :: DEBUG – Received response with trace id a97d2890-71a6-4292-96af-7dd0c0958a50, status code 201
RECEIVER :: DEBUG – received event buy with trace id b93c778c-b648-41b9-90ae-699cd637aea2
RECEIVER :: DEBUG – Received response with trace id b93c778c-b648-41b9-90ae-699cd637aea2, status code 201
RECEIVER :: DEBUG – received event buy with trace id 2634e4ee-f4b8-466e-a9b6-9b4e1c571050
RECEIVER :: DEBUG – Received response with trace id 2634e4ee-f4b8-466e-a9b6-9b4e1c571050, status code 201
RECEIVER :: DEBUG – received event buy with trace id 5a7e4391-0795-4621-bc86-35529c5a4dcd
RECEIVER :: DEBUG – Received response with trace id 5a7e4391-0795-4621-bc86-35529c5a4dcd, status code 201
RECEIVER :: DEBUG – received event buy with trace id a9d07046-526a-4a51-854b-e621c61bc448
RECEIVER :: DEBUG – Received response with trace id a9d07046-526a-4a51-854b-e621c61bc448, status code 201
RECEIVER :: DEBUG – received event buy with trace id 861225e2-0164-47b4-849c-1b7f4fd7ad75
RECEIVER :: DEBUG – Received response with trace id 861225e2-0164-47b4-849c-1b7f4fd7ad75, status code 201
RECEIVER :: DEBUG – received event buy with trace id 6d275cd7-66a5-45c5-81e5-d6c9824b9ee6
RECEIVER :: DEBUG – Received response with trace id 6d275cd7-66a5-45c5-81e5-d6c9824b9ee6, status code 201
RECEIVER :: DEBUG – received event buy with trace id 42496b03-56e0-4809-b451-0895ae117ae4
RECEIVER :: DEBUG – Received response with trace id 42496b03-56e0-4809-b451-0895ae117ae4, status code 201
RECEIVER :: DEBUG – received event sell with trace id ca329aa4-f3da-4fe6-b24e-ef3705397c14
RECEIVER :: DEBUG – Received response with trace id ca329aa4-f3da-4fe6-b24e-ef3705397c14, status code 204
RECEIVER :: DEBUG – received event sell with trace id f0f2d020-eb13-422b-a125-1dbf61ee679e
RECEIVER :: DEBUG – Received response with trace id f0f2d020-eb13-422b-a125-1dbf61ee679e, status code 204
RECEIVER :: DEBUG – received event sell with trace id 2c96e32f-26e9-4a19-bf4d-74bd7868f543
RECEIVER :: DEBUG – Received response with trace id 2c96e32f-26e9-4a19-bf4d-74bd7868f543, status code 204
RECEIVER :: DEBUG – received event sell with trace id a97371dd-d3db-45af-8d9e-7f30faceec9d
RECEIVER :: DEBUG – Received response with trace id a97371dd-d3db-45af-8d9e-7f30faceec9d, status code 204
RECEIVER :: DEBUG – received event sell with trace id f0606a96-3887-4c02-8da6-caeaaa3931d7
RECEIVER :: DEBUG – Received response with trace id f0606a96-3887-4c02-8da6-caeaaa3931d7, status code 204
RECEIVER :: DEBUG – received event sell with trace id e4388e71-c9df-44a9-96bd-df414f034198
RECEIVER :: DEBUG – Received response with trace id e4388e71-c9df-44a9-96bd-df414f034198, status code 204
RECEIVER :: DEBUG – received event buy with trace id 166db62b-2c8c-41d0-8e37-49b500178777
RECEIVER :: DEBUG – Received response with trace id 166db62b-2c8c-41d0-8e37-49b500178777, status code 201
RECEIVER :: DEBUG – received event buy with trace id 73c04011-7aba-4eea-a822-4a44cfb21e0d
RECEIVER :: DEBUG – Received response with trace id 73c04011-7aba-4eea-a822-4a44cfb21e0d, status code 201
RECEIVER :: DEBUG – received event buy with trace id ba967379-0b00-45f3-be6b-6c442b4ae804
RECEIVER :: DEBUG – Received response with trace id ba967379-0b00-45f3-be6b-6c442b4ae804, status code 201
RECEIVER :: DEBUG – received event buy with trace id b2725a7b-8cec-4112-b9e4-0ab78c89b2bd
RECEIVER :: DEBUG – Received response with trace id b2725a7b-8cec-4112-b9e4-0ab78c89b2bd, status code 201
RECEIVER :: DEBUG – received event buy with trace id 53660659-d2ce-4699-ba55-6da18a647a62
RECEIVER :: DEBUG – Received response with trace id 53660659-d2ce-4699-ba55-6da18a647a62, status code 201
RECEIVER :: DEBUG – received event buy with trace id a8e68b28-ff51-420c-ad02-1fa1e6358b54
RECEIVER :: DEBUG – Received response with trace id a8e68b28-ff51-420c-ad02-1fa1e6358b54, status code 201
RECEIVER :: DEBUG – received event buy with trace id 8df3cbcc-54af-42b6-bc1e-d56b5154eb0f
RECEIVER :: DEBUG – Received response with trace id 8df3cbcc-54af-42b6-bc1e-d56b5154eb0f, status code 201
RECEIVER :: DEBUG – received event buy with trace id a4b0ce7b-dd13-4fd2-8f0b-950ccb9b76eb
RECEIVER :: DEBUG – Received response with trace id a4b0ce7b-dd13-4fd2-8f0b-950ccb9b76eb, status code 201
RECEIVER :: DEBUG – received event sell with trace id bfb04d8c-12e6-4ab3-87f4-37badcfdb221
RECEIVER :: DEBUG – Received response with trace id bfb04d8c-12e6-4ab3-87f4-37badcfdb221, status code 204
RECEIVER :: DEBUG – received event sell with trace id d3612bc6-f7e0-4d0e-84be-e48862bf6361
RECEIVER :: DEBUG – Received response with trace id d3612bc6-f7e0-4d0e-84be-e48862bf6361, status code 204
RECEIVER :: DEBUG – received event buy with trace id 97807377-2ece-46f0-a65f-e475cadd754b
RECEIVER :: DEBUG – Received response with trace id 97807377-2ece-46f0-a65f-e475cadd754b, status code 201
RECEIVER :: DEBUG – received event buy with trace id 4c720b40-9365-44fd-9455-be6d3bfa27f2
RECEIVER :: DEBUG – Received response with trace id 4c720b40-9365-44fd-9455-be6d3bfa27f2, status code 201
RECEIVER :: DEBUG – received event buy with trace id 155e0a71-a59b-47fa-acec-3bb5cb697d9d
RECEIVER :: DEBUG – Received response with trace id 155e0a71-a59b-47fa-acec-3bb5cb697d9d, status code 201
