STORAGE :: DEBUG Stored buy event with trace id de6a58ed-4e87-4f8d-b755-58546cf5a088
STORAGE :: DEBUG – Stored buy event with trace id1db05f73-de95-493c-ad98-f3fc70fe2f88
STORAGE :: DEBUG – Stored buy event with trace id82ab0125-9fd2-4273-a05e-6ca179d38475
STORAGE :: DEBUG – Stored buy event with trace ideb3babff-cdc2-469b-8d3a-9920ae3b79a2
STORAGE :: DEBUG – Stored buy event with trace id924eb97b-b119-4dc0-8c99-cbcae7567746
STORAGE :: DEBUG – Stored buy event with trace id5fd7d794-e820-4f36-89ed-8b6ebde3813c
STORAGE :: DEBUG – Stored buy event with trace id971425b9-2c45-4901-b395-f00525f62c07
STORAGE :: DEBUG –  GET request: get_sells - timestamp:2023-01-31T00:00:00Z
STORAGE :: DEBUG –  GET request: get_buys - timestamp:2023-01-31T00:00:00Z
STORAGE :: DEBUG –  GET request: get_buys - timestamp:2023-01-31T00:00:00Z
STORAGE :: DEBUG –  GET request: get_buys - timestamp:2023-01-31T00:00:00Z
STORAGE :: DEBUG –  GET request: get_buys - timestamp:2023-01-31T00:00:00Z
STORAGE :: DEBUG –  GET request: get_buys - timestamp:1970-01-01T00:00:00Z
STORAGE :: DEBUG –  GET request: get_buys - timestamp:1970-01-01T00:00:00Z
STORAGE :: DEBUG –  GET request: get_buys - timestamp:1970-01-01T00:00:00Z
STORAGE :: DEBUG –  GET request: get_buys - timestamp:1970-01-01T00:00:00Z
STORAGE :: DEBUG –  GET request: get_buys - timestamp:1970-01-01T00:00:00Z
STORAGE :: DEBUG –  GET request: get_buys - timestamp:1970-01-01T00:00:00Z
STORAGE :: DEBUG –  GET request: get_buys - timestamp:1970-01-01T00:00:00Z
STORAGE :: DEBUG –  GET request: get_buys - timestamp:1970-01-01T00:00:00Z
STORAGE :: DEBUG –  GET request: get_buys - timestamp:1970-01-01T00:00:00Z
STORAGE :: DEBUG –  GET request: get_buys - timestamp:2023-01-31T00:00:00Z
STORAGE :: DEBUG –  GET request: get_buys - timestamp:2023-01-31T00:00:00Z
STORAGE :: DEBUG –  GET request: get_buys - timestamp:2023-01-31T00:3A00:3A00Z
STORAGE :: DEBUG –  GET request: get_buys - timestamp:1970-01-01T00:00:00Z
STORAGE :: DEBUG –  GET request: get_buys - timestamp:1970-01-01T00:00:00Z
STORAGE :: DEBUG –  GET request: get_buys - timestamp:1970-01-01T00:00:00Z
STORAGE :: DEBUG –  GET request: get_buys - timestamp:1970-01-01T00:00:00Z
STORAGE :: DEBUG –  GET request: get_buys - timestamp:1970-01-01T00:00:00Z
STORAGE :: DEBUG –  GET request: get_buys - timestamp:1970-01-01T00:00:00Z
STORAGE :: DEBUG –  GET request: get_buys - timestamp:1970-01-01T00:00:00Z
STORAGE :: DEBUG –  GET request: get_buys - timestamp:1970-01-01T00:00:00Z
STORAGE :: DEBUG –  GET request: get_buys - timestamp:1970-01-01T00:00:00Z
STORAGE :: DEBUG –  GET request: get_buys - timestamp:1970-01-01T00:00:00Z
STORAGE :: DEBUG –  GET request: get_buys - timestamp:1970-01-01T00:00:00Z
STORAGE :: DEBUG –  GET request: get_buys - timestamp:1970-01-01T00:00:00Z
STORAGE :: DEBUG –  GET request: get_buys - timestamp:1970-01-01T00:00:00Z
STORAGE :: DEBUG –  GET request: get_buys - timestamp:1970-01-01T00:00:00Z
STORAGE :: DEBUG –  GET request: get_buys - timestamp:1970-01-01T00:00:00Z
STORAGE :: DEBUG –  GET request: get_sells - timestamp:1970-01-01T00:00:00Z
STORAGE :: DEBUG – Stored buy event with trace idc555be8c-9d9d-4028-8822-3c1697055d4d
STORAGE :: DEBUG –  GET request: get_buys - timestamp:1970-01-01T00:00:00Z
STORAGE :: DEBUG –  GET request: get_sells - timestamp:1970-01-01T00:00:00Z
STORAGE :: DEBUG –  GET request: get_buys - timestamp:1970-01-01T00:00:00Z
STORAGE :: DEBUG –  GET request: get_sells - timestamp:1970-01-01T00:00:00Z
STORAGE :: DEBUG –  GET request: get_buys - timestamp:2023-01-31T10:51:28Z
STORAGE :: DEBUG –  GET request: get_sells - timestamp:2023-01-31T10:51:28Z
STORAGE :: DEBUG –  GET request: get_buys - timestamp:2023-01-31T10:53:15Z
STORAGE :: DEBUG –  GET request: get_sells - timestamp:2023-01-31T10:53:15Z
STORAGE :: DEBUG –  GET request: get_buys - timestamp:2023-01-31T10:53:20Z
STORAGE :: DEBUG –  GET request: get_sells - timestamp:2023-01-31T10:53:20Z
STORAGE :: DEBUG – Stored buy event with trace id7777dffc-51a3-431d-8a1f-8db86805cfb9
STORAGE :: DEBUG – Stored buy event with trace id79c3529f-2236-4a11-a6cf-b9d66a2bfc55
STORAGE :: DEBUG – Stored buy event with trace id69933aea-9842-491e-9354-0e665fbbdbc4
STORAGE :: DEBUG – Stored buy event with trace ida97d2890-71a6-4292-96af-7dd0c0958a50
STORAGE :: DEBUG –  GET request: get_buys - timestamp:2023-01-31T10:53:30Z
STORAGE :: DEBUG –  GET request: get_sells - timestamp:2023-01-31T10:53:30Z
STORAGE :: DEBUG –  GET request: get_buys - timestamp:2023-01-31T10:53:35Z
STORAGE :: DEBUG –  GET request: get_sells - timestamp:2023-01-31T10:53:35Z
STORAGE :: DEBUG –  GET request: get_buys - timestamp:2023-01-31T10:53:40Z
STORAGE :: DEBUG –  GET request: get_sells - timestamp:2023-01-31T10:53:40Z
STORAGE :: DEBUG – Stored buy event with trace idb93c778c-b648-41b9-90ae-699cd637aea2
STORAGE :: DEBUG –  GET request: get_buys - timestamp:2023-01-31T10:53:45Z
STORAGE :: DEBUG –  GET request: get_sells - timestamp:2023-01-31T10:53:45Z
STORAGE :: DEBUG – Stored buy event with trace id2634e4ee-f4b8-466e-a9b6-9b4e1c571050
STORAGE :: DEBUG –  GET request: get_buys - timestamp:2023-01-31T10:53:50Z
STORAGE :: DEBUG –  GET request: get_sells - timestamp:2023-01-31T10:53:50Z
STORAGE :: DEBUG –  GET request: get_buys - timestamp:2023-01-31T10:53:55Z
STORAGE :: DEBUG –  GET request: get_sells - timestamp:2023-01-31T10:53:55Z
STORAGE :: DEBUG –  GET request: get_buys - timestamp:1970-01-01T00:00:00Z
STORAGE :: DEBUG –  GET request: get_sells - timestamp:1970-01-01T00:00:00Z
STORAGE :: DEBUG –  GET request: get_buys - timestamp:2023-01-31T10:54:45Z
STORAGE :: DEBUG –  GET request: get_sells - timestamp:2023-01-31T10:54:45Z
STORAGE :: DEBUG –  GET request: get_buys - timestamp:2023-01-31T10:54:50Z
STORAGE :: DEBUG –  GET request: get_sells - timestamp:2023-01-31T10:54:50Z
STORAGE :: DEBUG –  GET request: get_buys - timestamp:2023-01-31T10:54:55Z
STORAGE :: DEBUG –  GET request: get_sells - timestamp:2023-01-31T10:54:55Z
STORAGE :: DEBUG – Stored buy event with trace id5a7e4391-0795-4621-bc86-35529c5a4dcd
STORAGE :: DEBUG –  GET request: get_buys - timestamp:2023-01-31T10:55:00Z
STORAGE :: DEBUG –  GET request: get_sells - timestamp:2023-01-31T10:55:00Z
STORAGE :: DEBUG –  GET request: get_buys - timestamp:2023-01-31T10:55:05Z
STORAGE :: DEBUG –  GET request: get_sells - timestamp:2023-01-31T10:55:05Z
STORAGE :: DEBUG –  GET request: get_buys - timestamp:2023-01-31T10:55:10Z
STORAGE :: DEBUG –  GET request: get_sells - timestamp:2023-01-31T10:55:10Z
STORAGE :: DEBUG –  GET request: get_sells - timestamp:{last_updated}
STORAGE :: DEBUG –  GET request: get_sells - timestamp:{last_updated}
STORAGE :: DEBUG –  GET request: get_buys - timestamp:{last_updated}
STORAGE :: DEBUG –  GET request: get_buys - timestamp:{last_updated}
STORAGE :: DEBUG –  GET request: get_buys - timestamp:{last_updated}
STORAGE :: DEBUG –  GET request: get_buys - timestamp:{last_updated}
STORAGE :: DEBUG –  GET request: get_buys - timestamp:{last_updated}
STORAGE :: DEBUG –  GET request: get_buys - timestamp:{last_updated}
STORAGE :: DEBUG –  GET request: get_buys - timestamp:{last_updated}
STORAGE :: DEBUG –  GET request: get_buys - timestamp:{last_updated}
STORAGE :: DEBUG –  GET request: get_buys - timestamp:{last_updated}
STORAGE :: DEBUG –  GET request: get_buys - timestamp:{last_updated}
STORAGE :: DEBUG –  GET request: get_buys - timestamp:{last_updated}
STORAGE :: DEBUG –  GET request: get_buys - timestamp:{last_updated}
STORAGE :: DEBUG –  GET request: get_buys - timestamp:{last_updated}
STORAGE :: DEBUG –  GET request: get_buys - timestamp:1970-01-01T00:00:00Z
STORAGE :: DEBUG –  GET request: get_sells - timestamp:1970-01-01T00:00:00Z
STORAGE :: DEBUG –  GET request: get_buys - timestamp:2023-01-31T10:57:38Z
STORAGE :: DEBUG –  GET request: get_sells - timestamp:2023-01-31T10:57:38Z
STORAGE :: DEBUG –  GET request: get_buys - timestamp:2023-01-31T10:57:49Z
STORAGE :: DEBUG –  GET request: get_sells - timestamp:2023-01-31T10:57:49Z
STORAGE :: DEBUG –  GET request: get_buys - timestamp:2023-01-31T10:57:54Z
STORAGE :: DEBUG –  GET request: get_sells - timestamp:2023-01-31T10:57:54Z
STORAGE :: DEBUG –  GET request: get_buys - timestamp:2023-01-31T10:57:59Z
STORAGE :: DEBUG –  GET request: get_sells - timestamp:2023-01-31T10:57:59Z
STORAGE :: DEBUG –  GET request: get_buys - timestamp:2023-01-31T10:58:04Z
STORAGE :: DEBUG –  GET request: get_sells - timestamp:2023-01-31T10:58:04Z
STORAGE :: DEBUG –  GET request: get_buys - timestamp:2023-01-31T10:58:09Z
STORAGE :: DEBUG –  GET request: get_sells - timestamp:2023-01-31T10:58:09Z
STORAGE :: DEBUG –  GET request: get_buys - timestamp:2023-01-31T10:58:14Z
STORAGE :: DEBUG –  GET request: get_sells - timestamp:2023-01-31T10:58:14Z
STORAGE :: DEBUG –  GET request: get_buys - timestamp:2023-01-31T10:58:19Z
STORAGE :: DEBUG –  GET request: get_sells - timestamp:2023-01-31T10:58:19Z
STORAGE :: DEBUG –  GET request: get_buys - timestamp:2023-01-31T10:58:24Z
STORAGE :: DEBUG –  GET request: get_sells - timestamp:2023-01-31T10:58:24Z
STORAGE :: DEBUG –  GET request: get_buys - timestamp:2023-01-31T10:58:29Z
STORAGE :: DEBUG –  GET request: get_sells - timestamp:2023-01-31T10:58:29Z
STORAGE :: DEBUG –  GET request: get_buys - timestamp:2023-01-31T10:58:34Z
STORAGE :: DEBUG –  GET request: get_sells - timestamp:2023-01-31T10:58:34Z
STORAGE :: DEBUG –  GET request: get_buys - timestamp:2023-01-31T10:58:39Z
STORAGE :: DEBUG –  GET request: get_sells - timestamp:2023-01-31T10:58:39Z
STORAGE :: DEBUG –  GET request: get_buys - timestamp:2023-01-31T10:58:44Z
STORAGE :: DEBUG –  GET request: get_sells - timestamp:2023-01-31T10:58:44Z
STORAGE :: DEBUG –  GET request: get_buys - timestamp:2023-01-31T10:58:49Z
STORAGE :: DEBUG –  GET request: get_sells - timestamp:2023-01-31T10:58:49Z
STORAGE :: DEBUG – Stored buy event with trace ida9d07046-526a-4a51-854b-e621c61bc448
STORAGE :: DEBUG –  GET request: get_buys - timestamp:2023-01-31T10:58:54Z
STORAGE :: DEBUG –  GET request: get_sells - timestamp:2023-01-31T10:58:54Z
STORAGE :: DEBUG –  GET request: get_buys - timestamp:2023-01-31T10:59:16Z
STORAGE :: DEBUG –  GET request: get_sells - timestamp:2023-01-31T10:59:16Z
STORAGE :: DEBUG – Stored buy event with trace id861225e2-0164-47b4-849c-1b7f4fd7ad75
STORAGE :: DEBUG – Stored buy event with trace id6d275cd7-66a5-45c5-81e5-d6c9824b9ee6
STORAGE :: DEBUG –  GET request: get_buys - timestamp:1970-01-01T00:00:00Z
STORAGE :: DEBUG –  GET request: get_sells - timestamp:1970-01-01T00:00:00Z
STORAGE :: DEBUG –  GET request: get_buys - timestamp:2023-01-31T10:59:43Z
STORAGE :: DEBUG –  GET request: get_sells - timestamp:2023-01-31T10:59:43Z
STORAGE :: DEBUG – Stored buy event with trace id42496b03-56e0-4809-b451-0895ae117ae4
STORAGE :: DEBUG –  GET request: get_buys - timestamp:2023-01-31T10:59:48Z
STORAGE :: DEBUG –  GET request: get_sells - timestamp:2023-01-31T10:59:48Z
STORAGE :: DEBUG –  GET request: get_buys - timestamp:2023-01-31T10:59:53Z
STORAGE :: DEBUG –  GET request: get_sells - timestamp:2023-01-31T10:59:53Z
STORAGE :: DEBUG –  GET request: get_buys - timestamp:1970-01-01T00:00:00Z
STORAGE :: DEBUG –  GET request: get_sells - timestamp:1970-01-01T00:00:00Z
STORAGE :: DEBUG – Stored sell event with trace idca329aa4-f3da-4fe6-b24e-ef3705397c14
STORAGE :: DEBUG –  GET request: get_buys - timestamp:1970-01-01T00:00:00Z
STORAGE :: DEBUG –  GET request: get_sells - timestamp:1970-01-01T00:00:00Z
STORAGE :: DEBUG –  GET request: get_buys - timestamp:1970-01-01T00:00:00Z
STORAGE :: DEBUG –  GET request: get_sells - timestamp:1970-01-01T00:00:00Z
STORAGE :: DEBUG –  GET request: get_buys - timestamp:1970-01-01T00:00:00Z
STORAGE :: DEBUG –  GET request: get_sells - timestamp:1970-01-01T00:00:00Z
STORAGE :: DEBUG – Stored sell event with trace idf0f2d020-eb13-422b-a125-1dbf61ee679e
STORAGE :: DEBUG – Stored sell event with trace id2c96e32f-26e9-4a19-bf4d-74bd7868f543
STORAGE :: DEBUG – Stored sell event with trace ida97371dd-d3db-45af-8d9e-7f30faceec9d
STORAGE :: DEBUG –  GET request: get_buys - timestamp:1970-01-01T00:00:00Z
STORAGE :: DEBUG –  GET request: get_sells - timestamp:1970-01-01T00:00:00Z
STORAGE :: DEBUG – Stored sell event with trace idf0606a96-3887-4c02-8da6-caeaaa3931d7
STORAGE :: DEBUG – Stored sell event with trace ide4388e71-c9df-44a9-96bd-df414f034198
STORAGE :: DEBUG –  GET request: get_buys - timestamp:1970-01-01T00:00:00Z
STORAGE :: DEBUG –  GET request: get_sells - timestamp:1970-01-01T00:00:00Z
STORAGE :: DEBUG –  GET request: get_buys - timestamp:1970-01-01T00:00:00Z
STORAGE :: DEBUG –  GET request: get_sells - timestamp:1970-01-01T00:00:00Z
STORAGE :: DEBUG –  GET request: get_buys - timestamp:1970-01-01T00:00:00Z
STORAGE :: DEBUG –  GET request: get_sells - timestamp:1970-01-01T00:00:00Z
STORAGE :: DEBUG –  GET request: get_buys - timestamp:1970-01-01T00:00:00Z
STORAGE :: DEBUG –  GET request: get_sells - timestamp:1970-01-01T00:00:00Z
STORAGE :: DEBUG – Stored buy event with trace id166db62b-2c8c-41d0-8e37-49b500178777
STORAGE :: DEBUG –  GET request: get_buys - timestamp:1970-01-01T00:00:00Z
STORAGE :: DEBUG –  GET request: get_sells - timestamp:1970-01-01T00:00:00Z
STORAGE :: DEBUG –  GET request: get_buys - timestamp:1970-01-01T00:00:00Z
STORAGE :: DEBUG –  GET request: get_sells - timestamp:1970-01-01T00:00:00Z
STORAGE :: DEBUG –  GET request: get_buys - timestamp:1970-01-01T00:00:00Z
STORAGE :: DEBUG –  GET request: get_sells - timestamp:1970-01-01T00:00:00Z
STORAGE :: DEBUG –  GET request: get_buys - timestamp:1970-01-01T00:00:00Z
STORAGE :: DEBUG –  GET request: get_sells - timestamp:1970-01-01T00:00:00Z
STORAGE :: DEBUG –  GET request: get_buys - timestamp:1970-01-01T00:00:00Z
STORAGE :: DEBUG –  GET request: get_sells - timestamp:1970-01-01T00:00:00Z
STORAGE :: DEBUG –  GET request: get_buys - timestamp:1970-01-01T00:00:00Z
STORAGE :: DEBUG –  GET request: get_sells - timestamp:1970-01-01T00:00:00Z
STORAGE :: DEBUG –  GET request: get_buys - timestamp:1970-01-01T00:00:00Z
STORAGE :: DEBUG –  GET request: get_sells - timestamp:1970-01-01T00:00:00Z
STORAGE :: DEBUG –  GET request: get_buys - timestamp:1970-01-01T00:00:00Z
STORAGE :: DEBUG –  GET request: get_sells - timestamp:1970-01-01T00:00:00Z
STORAGE :: DEBUG –  GET request: get_buys - timestamp:1970-01-01T00:00:00Z
STORAGE :: DEBUG –  GET request: get_sells - timestamp:1970-01-01T00:00:00Z
STORAGE :: DEBUG –  GET request: get_buys - timestamp:1970-01-01T00:00:00Z
STORAGE :: DEBUG –  GET request: get_sells - timestamp:1970-01-01T00:00:00Z
STORAGE :: DEBUG –  GET request: get_buys - timestamp:1970-01-01T00:00:00Z
STORAGE :: DEBUG –  GET request: get_sells - timestamp:1970-01-01T00:00:00Z
STORAGE :: DEBUG – Stored buy event with trace id73c04011-7aba-4eea-a822-4a44cfb21e0d
STORAGE :: DEBUG – Stored buy event with trace idba967379-0b00-45f3-be6b-6c442b4ae804
STORAGE :: DEBUG –  GET request: get_buys - timestamp:1970-01-01T00:00:00Z
STORAGE :: DEBUG –  GET request: get_sells - timestamp:1970-01-01T00:00:00Z
STORAGE :: DEBUG –  GET request: get_buys - timestamp:1970-01-01T00:00:00Z
STORAGE :: DEBUG –  GET request: get_sells - timestamp:1970-01-01T00:00:00Z
STORAGE :: DEBUG –  GET request: get_buys - timestamp:1970-01-01T00:00:00Z
STORAGE :: DEBUG –  GET request: get_sells - timestamp:1970-01-01T00:00:00Z
STORAGE :: DEBUG –  GET request: get_buys - timestamp:1970-01-01T00:00:00Z
STORAGE :: DEBUG –  GET request: get_sells - timestamp:1970-01-01T00:00:00Z
STORAGE :: DEBUG –  GET request: get_buys - timestamp:1970-01-01T00:00:00Z
STORAGE :: DEBUG –  GET request: get_sells - timestamp:1970-01-01T00:00:00Z
STORAGE :: DEBUG –  GET request: get_buys - timestamp:1970-01-01T00:00:00Z
STORAGE :: DEBUG –  GET request: get_sells - timestamp:1970-01-01T00:00:00Z
STORAGE :: DEBUG – Stored buy event with trace idb2725a7b-8cec-4112-b9e4-0ab78c89b2bd
STORAGE :: DEBUG – Stored buy event with trace id53660659-d2ce-4699-ba55-6da18a647a62
STORAGE :: DEBUG –  GET request: get_buys - timestamp:1970-01-01T00:00:00Z
STORAGE :: DEBUG –  GET request: get_sells - timestamp:1970-01-01T00:00:00Z
STORAGE :: DEBUG –  GET request: get_buys - timestamp:1970-01-01T00:00:00Z
STORAGE :: DEBUG –  GET request: get_sells - timestamp:1970-01-01T00:00:00Z
STORAGE :: DEBUG –  GET request: get_buys - timestamp:1970-01-01T00:00:00Z
STORAGE :: DEBUG –  GET request: get_sells - timestamp:1970-01-01T00:00:00Z
STORAGE :: DEBUG –  GET request: get_buys - timestamp:1970-01-01T00:00:00Z
STORAGE :: DEBUG –  GET request: get_sells - timestamp:1970-01-01T00:00:00Z
STORAGE :: DEBUG –  GET request: get_buys - timestamp:1970-01-01T00:00:00Z
STORAGE :: DEBUG –  GET request: get_sells - timestamp:1970-01-01T00:00:00Z
STORAGE :: DEBUG –  GET request: get_buys - timestamp:1970-01-01T00:00:00Z
STORAGE :: DEBUG –  GET request: get_sells - timestamp:1970-01-01T00:00:00Z
STORAGE :: DEBUG –  GET request: get_buys - timestamp:1970-01-01T00:00:00Z
STORAGE :: DEBUG –  GET request: get_sells - timestamp:1970-01-01T00:00:00Z
STORAGE :: DEBUG –  GET request: get_buys - timestamp:1970-01-01T00:00:00Z
STORAGE :: DEBUG –  GET request: get_sells - timestamp:1970-01-01T00:00:00Z
STORAGE :: DEBUG –  GET request: get_buys - timestamp:1970-01-01T00:00:00Z
STORAGE :: DEBUG –  GET request: get_sells - timestamp:1970-01-01T00:00:00Z
STORAGE :: DEBUG – Stored buy event with trace ida8e68b28-ff51-420c-ad02-1fa1e6358b54
STORAGE :: DEBUG – Stored buy event with trace id8df3cbcc-54af-42b6-bc1e-d56b5154eb0f
STORAGE :: DEBUG –  GET request: get_buys - timestamp:1970-01-01T00:00:00Z
STORAGE :: DEBUG –  GET request: get_sells - timestamp:1970-01-01T00:00:00Z
STORAGE :: DEBUG –  GET request: get_buys - timestamp:1970-01-01T00:00:00Z
STORAGE :: DEBUG –  GET request: get_sells - timestamp:1970-01-01T00:00:00Z
STORAGE :: DEBUG – Stored buy event with trace ida4b0ce7b-dd13-4fd2-8f0b-950ccb9b76eb
STORAGE :: DEBUG –  GET request: get_buys - timestamp:1970-01-01T00:00:00Z
STORAGE :: DEBUG –  GET request: get_sells - timestamp:1970-01-01T00:00:00Z
STORAGE :: DEBUG –  GET request: get_buys - timestamp:1970-01-01T00:00:00Z
STORAGE :: DEBUG –  GET request: get_sells - timestamp:1970-01-01T00:00:00Z
STORAGE :: DEBUG –  GET request: get_buys - timestamp:1970-01-01T00:00:00Z
STORAGE :: DEBUG –  GET request: get_sells - timestamp:1970-01-01T00:00:00Z
STORAGE :: DEBUG –  GET request: get_buys - timestamp:1970-01-01T00:00:00Z
STORAGE :: DEBUG –  GET request: get_sells - timestamp:1970-01-01T00:00:00Z
STORAGE :: DEBUG –  GET request: get_buys - timestamp:1970-01-01T00:00:00Z
STORAGE :: DEBUG –  GET request: get_sells - timestamp:1970-01-01T00:00:00Z
STORAGE :: DEBUG –  GET request: get_buys - timestamp:1970-01-01T00:00:00Z
STORAGE :: DEBUG –  GET request: get_sells - timestamp:1970-01-01T00:00:00Z
STORAGE :: DEBUG –  GET request: get_buys - timestamp:1970-01-01T00:00:00Z
STORAGE :: DEBUG –  GET request: get_sells - timestamp:1970-01-01T00:00:00Z
STORAGE :: DEBUG – Stored sell event with trace idbfb04d8c-12e6-4ab3-87f4-37badcfdb221
STORAGE :: DEBUG –  GET request: get_buys - timestamp:1970-01-01T00:00:00Z
STORAGE :: DEBUG –  GET request: get_sells - timestamp:1970-01-01T00:00:00Z
STORAGE :: DEBUG –  GET request: get_buys - timestamp:1970-01-01T00:00:00Z
STORAGE :: DEBUG –  GET request: get_sells - timestamp:1970-01-01T00:00:00Z
STORAGE :: DEBUG –  GET request: get_buys - timestamp:1970-01-01T00:00:00Z
STORAGE :: DEBUG –  GET request: get_sells - timestamp:1970-01-01T00:00:00Z
STORAGE :: DEBUG –  GET request: get_buys - timestamp:1970-01-01T00:00:00Z
STORAGE :: DEBUG –  GET request: get_sells - timestamp:1970-01-01T00:00:00Z
STORAGE :: DEBUG –  GET request: get_buys - timestamp:1970-01-01T00:00:00Z
STORAGE :: DEBUG –  GET request: get_sells - timestamp:1970-01-01T00:00:00Z
STORAGE :: DEBUG –  GET request: get_buys - timestamp:1970-01-01T00:00:00Z
STORAGE :: DEBUG –  GET request: get_sells - timestamp:1970-01-01T00:00:00Z
STORAGE :: DEBUG –  GET request: get_buys - timestamp:1970-01-01T00:00:00Z
STORAGE :: DEBUG –  GET request: get_sells - timestamp:1970-01-01T00:00:00Z
STORAGE :: DEBUG –  GET request: get_buys - timestamp:1970-01-01T00:00:00Z
STORAGE :: DEBUG –  GET request: get_sells - timestamp:1970-01-01T00:00:00Z
STORAGE :: DEBUG –  GET request: get_buys - timestamp:1970-01-01T00:00:00Z
STORAGE :: DEBUG –  GET request: get_sells - timestamp:1970-01-01T00:00:00Z
STORAGE :: DEBUG –  GET request: get_buys - timestamp:1970-01-01T00:00:00Z
STORAGE :: DEBUG –  GET request: get_sells - timestamp:1970-01-01T00:00:00Z
STORAGE :: DEBUG –  GET request: get_buys - timestamp:1970-01-01T00:00:00Z
STORAGE :: DEBUG –  GET request: get_sells - timestamp:1970-01-01T00:00:00Z
STORAGE :: DEBUG –  GET request: get_buys - timestamp:1970-01-01T00:00:00Z
STORAGE :: DEBUG –  GET request: get_sells - timestamp:1970-01-01T00:00:00Z
STORAGE :: DEBUG –  GET request: get_buys - timestamp:1970-01-01T00:00:00Z
STORAGE :: DEBUG –  GET request: get_sells - timestamp:1970-01-01T00:00:00Z
STORAGE :: DEBUG –  GET request: get_buys - timestamp:1970-01-01T00:00:00Z
STORAGE :: DEBUG –  GET request: get_sells - timestamp:1970-01-01T00:00:00Z
STORAGE :: DEBUG – Stored sell event with trace idd3612bc6-f7e0-4d0e-84be-e48862bf6361
STORAGE :: DEBUG –  GET request: get_buys - timestamp:1970-01-01T00:00:00Z
STORAGE :: DEBUG –  GET request: get_sells - timestamp:1970-01-01T00:00:00Z
STORAGE :: DEBUG –  GET request: get_buys - timestamp:1970-01-01T00:00:00Z
STORAGE :: DEBUG –  GET request: get_sells - timestamp:1970-01-01T00:00:00Z
STORAGE :: DEBUG –  GET request: get_buys - timestamp:1970-01-01T00:00:00Z
STORAGE :: DEBUG –  GET request: get_sells - timestamp:1970-01-01T00:00:00Z
STORAGE :: DEBUG –  GET request: get_buys - timestamp:1970-01-01T00:00:00Z
STORAGE :: DEBUG –  GET request: get_sells - timestamp:1970-01-01T00:00:00Z
STORAGE :: DEBUG –  GET request: get_buys - timestamp:1970-01-01T00:00:00Z
STORAGE :: DEBUG –  GET request: get_sells - timestamp:1970-01-01T00:00:00Z
STORAGE :: DEBUG –  GET request: get_buys - timestamp:1970-01-01T00:00:00Z
STORAGE :: DEBUG –  GET request: get_sells - timestamp:1970-01-01T00:00:00Z
STORAGE :: DEBUG –  GET request: get_buys - timestamp:1970-01-01T00:00:00Z
STORAGE :: DEBUG –  GET request: get_sells - timestamp:1970-01-01T00:00:00Z
STORAGE :: DEBUG –  GET request: get_buys - timestamp:1970-01-01T00:00:00Z
STORAGE :: DEBUG –  GET request: get_sells - timestamp:1970-01-01T00:00:00Z
STORAGE :: DEBUG –  GET request: get_buys - timestamp:1970-01-01T00:00:00Z
STORAGE :: DEBUG –  GET request: get_sells - timestamp:1970-01-01T00:00:00Z
STORAGE :: DEBUG –  GET request: get_buys - timestamp:1970-01-01T00:00:00Z
STORAGE :: DEBUG –  GET request: get_sells - timestamp:1970-01-01T00:00:00Z
STORAGE :: DEBUG –  GET request: get_buys - timestamp:1970-01-01T00:00:00Z
STORAGE :: DEBUG –  GET request: get_sells - timestamp:1970-01-01T00:00:00Z
STORAGE :: DEBUG –  GET request: get_buys - timestamp:1970-01-01T00:00:00Z
STORAGE :: DEBUG –  GET request: get_sells - timestamp:1970-01-01T00:00:00Z
STORAGE :: DEBUG –  GET request: get_buys - timestamp:1970-01-01T00:00:00Z
STORAGE :: DEBUG –  GET request: get_sells - timestamp:1970-01-01T00:00:00Z
STORAGE :: DEBUG –  GET request: get_buys - timestamp:1970-01-01T00:00:00Z
STORAGE :: DEBUG –  GET request: get_sells - timestamp:1970-01-01T00:00:00Z
STORAGE :: DEBUG –  GET request: get_buys - timestamp:1970-01-01T00:00:00Z
STORAGE :: DEBUG –  GET request: get_sells - timestamp:1970-01-01T00:00:00Z
STORAGE :: DEBUG –  GET request: get_buys - timestamp:1970-01-01T00:00:00Z
STORAGE :: DEBUG –  GET request: get_sells - timestamp:1970-01-01T00:00:00Z
STORAGE :: DEBUG –  GET request: get_buys - timestamp:1970-01-01T00:00:00Z
STORAGE :: DEBUG –  GET request: get_sells - timestamp:1970-01-01T00:00:00Z
STORAGE :: DEBUG –  GET request: get_buys - timestamp:1970-01-01T00:00:00Z
STORAGE :: DEBUG –  GET request: get_sells - timestamp:1970-01-01T00:00:00Z
STORAGE :: DEBUG –  GET request: get_buys - timestamp:1970-01-01T00:00:00Z
STORAGE :: DEBUG –  GET request: get_sells - timestamp:1970-01-01T00:00:00Z
STORAGE :: DEBUG –  GET request: get_buys - timestamp:1970-01-01T00:00:00Z
STORAGE :: DEBUG –  GET request: get_sells - timestamp:1970-01-01T00:00:00Z
STORAGE :: DEBUG –  GET request: get_buys - timestamp:1970-01-01T00:00:00Z
STORAGE :: DEBUG –  GET request: get_sells - timestamp:1970-01-01T00:00:00Z
STORAGE :: DEBUG –  GET request: get_buys - timestamp:1970-01-01T00:00:00Z
STORAGE :: DEBUG –  GET request: get_sells - timestamp:1970-01-01T00:00:00Z
STORAGE :: DEBUG –  GET request: get_buys - timestamp:1970-01-01T00:00:00Z
STORAGE :: DEBUG –  GET request: get_sells - timestamp:1970-01-01T00:00:00Z
STORAGE :: DEBUG –  GET request: get_buys - timestamp:1970-01-01T00:00:00Z
STORAGE :: DEBUG –  GET request: get_sells - timestamp:1970-01-01T00:00:00Z
STORAGE :: DEBUG –  GET request: get_buys - timestamp:1970-01-01T00:00:00Z
STORAGE :: DEBUG –  GET request: get_sells - timestamp:1970-01-01T00:00:00Z
STORAGE :: DEBUG –  GET request: get_buys - timestamp:1970-01-01T00:00:00Z
STORAGE :: DEBUG –  GET request: get_sells - timestamp:1970-01-01T00:00:00Z
STORAGE :: DEBUG –  GET request: get_buys - timestamp:1970-01-01T00:00:00Z
STORAGE :: DEBUG –  GET request: get_sells - timestamp:1970-01-01T00:00:00Z
STORAGE :: DEBUG –  GET request: get_buys - timestamp:1970-01-01T00:00:00Z
STORAGE :: DEBUG –  GET request: get_sells - timestamp:1970-01-01T00:00:00Z
STORAGE :: DEBUG –  GET request: get_buys - timestamp:1970-01-01T00:00:00Z
STORAGE :: DEBUG –  GET request: get_sells - timestamp:1970-01-01T00:00:00Z
STORAGE :: DEBUG –  GET request: get_buys - timestamp:1970-01-01T00:00:00Z
STORAGE :: DEBUG –  GET request: get_sells - timestamp:1970-01-01T00:00:00Z
STORAGE :: DEBUG –  GET request: get_buys - timestamp:1970-01-01T00:00:00Z
STORAGE :: DEBUG –  GET request: get_sells - timestamp:1970-01-01T00:00:00Z
STORAGE :: DEBUG –  GET request: get_buys - timestamp:1970-01-01T00:00:00Z
STORAGE :: DEBUG –  GET request: get_sells - timestamp:1970-01-01T00:00:00Z
STORAGE :: DEBUG –  GET request: get_buys - timestamp:1970-01-01T00:00:00Z
STORAGE :: DEBUG –  GET request: get_sells - timestamp:1970-01-01T00:00:00Z
STORAGE :: DEBUG –  GET request: get_buys - timestamp:1970-01-01T00:00:00Z
STORAGE :: DEBUG –  GET request: get_sells - timestamp:1970-01-01T00:00:00Z
STORAGE :: DEBUG –  GET request: get_buys - timestamp:1970-01-01T00:00:00Z
STORAGE :: DEBUG –  GET request: get_sells - timestamp:1970-01-01T00:00:00Z
STORAGE :: DEBUG –  GET request: get_buys - timestamp:1970-01-01T00:00:00Z
STORAGE :: DEBUG –  GET request: get_sells - timestamp:1970-01-01T00:00:00Z
STORAGE :: DEBUG –  GET request: get_buys - timestamp:1970-01-01T00:00:00Z
STORAGE :: DEBUG –  GET request: get_sells - timestamp:1970-01-01T00:00:00Z
STORAGE :: DEBUG –  GET request: get_buys - timestamp:1970-01-01T00:00:00Z
STORAGE :: DEBUG –  GET request: get_sells - timestamp:1970-01-01T00:00:00Z
STORAGE :: DEBUG –  GET request: get_buys - timestamp:1970-01-01T00:00:00Z
STORAGE :: DEBUG –  GET request: get_sells - timestamp:1970-01-01T00:00:00Z
STORAGE :: DEBUG –  GET request: get_buys - timestamp:1970-01-01T00:00:00Z
STORAGE :: DEBUG –  GET request: get_sells - timestamp:1970-01-01T00:00:00Z
STORAGE :: DEBUG –  GET request: get_buys - timestamp:1970-01-01T00:00:00Z
STORAGE :: DEBUG –  GET request: get_sells - timestamp:1970-01-01T00:00:00Z
STORAGE :: DEBUG –  GET request: get_buys - timestamp:1970-01-01T00:00:00Z
STORAGE :: DEBUG –  GET request: get_sells - timestamp:1970-01-01T00:00:00Z
STORAGE :: DEBUG –  GET request: get_buys - timestamp:1970-01-01T00:00:00Z
STORAGE :: DEBUG –  GET request: get_sells - timestamp:1970-01-01T00:00:00Z
STORAGE :: DEBUG –  GET request: get_buys - timestamp:1970-01-01T00:00:00Z
STORAGE :: DEBUG –  GET request: get_sells - timestamp:1970-01-01T00:00:00Z
STORAGE :: DEBUG –  GET request: get_buys - timestamp:1970-01-01T00:00:00Z
STORAGE :: DEBUG –  GET request: get_sells - timestamp:1970-01-01T00:00:00Z
STORAGE :: DEBUG –  GET request: get_buys - timestamp:1970-01-01T00:00:00Z
STORAGE :: DEBUG –  GET request: get_sells - timestamp:1970-01-01T00:00:00Z
STORAGE :: DEBUG –  GET request: get_buys - timestamp:1970-01-01T00:00:00Z
STORAGE :: DEBUG –  GET request: get_sells - timestamp:1970-01-01T00:00:00Z
STORAGE :: DEBUG –  GET request: get_buys - timestamp:1970-01-01T00:00:00Z
STORAGE :: DEBUG –  GET request: get_sells - timestamp:1970-01-01T00:00:00Z
STORAGE :: DEBUG –  GET request: get_buys - timestamp:1970-01-01T00:00:00Z
STORAGE :: DEBUG –  GET request: get_sells - timestamp:1970-01-01T00:00:00Z
STORAGE :: DEBUG –  GET request: get_buys - timestamp:1970-01-01T00:00:00Z
STORAGE :: DEBUG –  GET request: get_sells - timestamp:1970-01-01T00:00:00Z
STORAGE :: DEBUG –  GET request: get_buys - timestamp:1970-01-01T00:00:00Z
STORAGE :: DEBUG –  GET request: get_sells - timestamp:1970-01-01T00:00:00Z
STORAGE :: DEBUG –  GET request: get_buys - timestamp:1970-01-01T00:00:00Z
STORAGE :: DEBUG –  GET request: get_sells - timestamp:1970-01-01T00:00:00Z
STORAGE :: DEBUG –  GET request: get_buys - timestamp:1970-01-01T00:00:00Z
STORAGE :: DEBUG –  GET request: get_sells - timestamp:1970-01-01T00:00:00Z
STORAGE :: DEBUG –  GET request: get_buys - timestamp:1970-01-01T00:00:00Z
STORAGE :: DEBUG –  GET request: get_sells - timestamp:1970-01-01T00:00:00Z
STORAGE :: DEBUG –  GET request: get_buys - timestamp:1970-01-01T00:00:00Z
STORAGE :: DEBUG –  GET request: get_sells - timestamp:1970-01-01T00:00:00Z
STORAGE :: DEBUG –  GET request: get_buys - timestamp:1970-01-01T00:00:00Z
STORAGE :: DEBUG –  GET request: get_sells - timestamp:1970-01-01T00:00:00Z
STORAGE :: DEBUG –  GET request: get_buys - timestamp:1970-01-01T00:00:00Z
STORAGE :: DEBUG –  GET request: get_sells - timestamp:1970-01-01T00:00:00Z
STORAGE :: DEBUG –  GET request: get_buys - timestamp:1970-01-01T00:00:00Z
STORAGE :: DEBUG –  GET request: get_sells - timestamp:1970-01-01T00:00:00Z
STORAGE :: DEBUG –  GET request: get_buys - timestamp:1970-01-01T00:00:00Z
STORAGE :: DEBUG –  GET request: get_sells - timestamp:1970-01-01T00:00:00Z
STORAGE :: DEBUG –  GET request: get_buys - timestamp:1970-01-01T00:00:00Z
STORAGE :: DEBUG –  GET request: get_sells - timestamp:1970-01-01T00:00:00Z
STORAGE :: DEBUG –  GET request: get_buys - timestamp:1970-01-01T00:00:00Z
STORAGE :: DEBUG –  GET request: get_sells - timestamp:1970-01-01T00:00:00Z
STORAGE :: DEBUG –  GET request: get_buys - timestamp:1970-01-01T00:00:00Z
STORAGE :: DEBUG –  GET request: get_sells - timestamp:1970-01-01T00:00:00Z
STORAGE :: DEBUG –  GET request: get_buys - timestamp:1970-01-01T00:00:00Z
STORAGE :: DEBUG –  GET request: get_sells - timestamp:1970-01-01T00:00:00Z
STORAGE :: DEBUG –  GET request: get_buys - timestamp:1970-01-01T00:00:00Z
STORAGE :: DEBUG –  GET request: get_sells - timestamp:1970-01-01T00:00:00Z
STORAGE :: DEBUG –  GET request: get_buys - timestamp:1970-01-01T00:00:00Z
STORAGE :: DEBUG –  GET request: get_sells - timestamp:1970-01-01T00:00:00Z
STORAGE :: DEBUG –  GET request: get_buys - timestamp:1970-01-01T00:00:00Z
STORAGE :: DEBUG –  GET request: get_sells - timestamp:1970-01-01T00:00:00Z
STORAGE :: DEBUG –  GET request: get_buys - timestamp:1970-01-01T00:00:00Z
STORAGE :: DEBUG –  GET request: get_sells - timestamp:1970-01-01T00:00:00Z
STORAGE :: DEBUG –  GET request: get_buys - timestamp:1970-01-01T00:00:00Z
STORAGE :: DEBUG –  GET request: get_sells - timestamp:1970-01-01T00:00:00Z
STORAGE :: DEBUG –  GET request: get_buys - timestamp:1970-01-01T00:00:00Z
STORAGE :: DEBUG –  GET request: get_sells - timestamp:1970-01-01T00:00:00Z
STORAGE :: DEBUG –  GET request: get_buys - timestamp:1970-01-01T00:00:00Z
STORAGE :: DEBUG –  GET request: get_sells - timestamp:1970-01-01T00:00:00Z
STORAGE :: DEBUG –  GET request: get_buys - timestamp:1970-01-01T00:00:00Z
STORAGE :: DEBUG –  GET request: get_sells - timestamp:1970-01-01T00:00:00Z
STORAGE :: DEBUG –  GET request: get_buys - timestamp:1970-01-01T00:00:00Z
STORAGE :: DEBUG –  GET request: get_sells - timestamp:1970-01-01T00:00:00Z
STORAGE :: DEBUG –  GET request: get_buys - timestamp:1970-01-01T00:00:00Z
STORAGE :: DEBUG –  GET request: get_sells - timestamp:1970-01-01T00:00:00Z
STORAGE :: DEBUG –  GET request: get_buys - timestamp:1970-01-01T00:00:00Z
STORAGE :: DEBUG –  GET request: get_sells - timestamp:1970-01-01T00:00:00Z
STORAGE :: DEBUG –  GET request: get_buys - timestamp:1970-01-01T00:00:00Z
STORAGE :: DEBUG –  GET request: get_sells - timestamp:1970-01-01T00:00:00Z
STORAGE :: DEBUG –  GET request: get_buys - timestamp:1970-01-01T00:00:00Z
STORAGE :: DEBUG –  GET request: get_sells - timestamp:1970-01-01T00:00:00Z
STORAGE :: DEBUG –  GET request: get_buys - timestamp:1970-01-01T00:00:00Z
STORAGE :: DEBUG –  GET request: get_sells - timestamp:1970-01-01T00:00:00Z
STORAGE :: DEBUG –  GET request: get_buys - timestamp:1970-01-01T00:00:00Z
STORAGE :: DEBUG –  GET request: get_sells - timestamp:1970-01-01T00:00:00Z
STORAGE :: DEBUG –  GET request: get_buys - timestamp:1970-01-01T00:00:00Z
STORAGE :: DEBUG –  GET request: get_sells - timestamp:1970-01-01T00:00:00Z
STORAGE :: DEBUG –  GET request: get_buys - timestamp:1970-01-01T00:00:00Z
STORAGE :: DEBUG –  GET request: get_sells - timestamp:1970-01-01T00:00:00Z
STORAGE :: DEBUG –  GET request: get_buys - timestamp:1970-01-01T00:00:00Z
STORAGE :: DEBUG –  GET request: get_sells - timestamp:1970-01-01T00:00:00Z
STORAGE :: DEBUG –  GET request: get_buys - timestamp:1970-01-01T00:00:00Z
STORAGE :: DEBUG –  GET request: get_sells - timestamp:1970-01-01T00:00:00Z
STORAGE :: DEBUG –  GET request: get_buys - timestamp:1970-01-01T00:00:00Z
STORAGE :: DEBUG –  GET request: get_sells - timestamp:1970-01-01T00:00:00Z
STORAGE :: DEBUG –  GET request: get_buys - timestamp:1970-01-01T00:00:00Z
STORAGE :: DEBUG –  GET request: get_sells - timestamp:1970-01-01T00:00:00Z
STORAGE :: DEBUG –  GET request: get_buys - timestamp:1970-01-01T00:00:00Z
STORAGE :: DEBUG –  GET request: get_sells - timestamp:1970-01-01T00:00:00Z
STORAGE :: DEBUG –  GET request: get_buys - timestamp:1970-01-01T00:00:00Z
STORAGE :: DEBUG –  GET request: get_sells - timestamp:1970-01-01T00:00:00Z
STORAGE :: DEBUG –  GET request: get_buys - timestamp:1970-01-01T00:00:00Z
STORAGE :: DEBUG –  GET request: get_sells - timestamp:1970-01-01T00:00:00Z
STORAGE :: DEBUG –  GET request: get_buys - timestamp:1970-01-01T00:00:00Z
STORAGE :: DEBUG –  GET request: get_sells - timestamp:1970-01-01T00:00:00Z
STORAGE :: DEBUG –  GET request: get_buys - timestamp:1970-01-01T00:00:00Z
STORAGE :: DEBUG –  GET request: get_sells - timestamp:1970-01-01T00:00:00Z
STORAGE :: DEBUG –  GET request: get_buys - timestamp:1970-01-01T00:00:00Z
STORAGE :: DEBUG –  GET request: get_sells - timestamp:1970-01-01T00:00:00Z
STORAGE :: DEBUG –  GET request: get_buys - timestamp:1970-01-01T00:00:00Z
STORAGE :: DEBUG –  GET request: get_sells - timestamp:1970-01-01T00:00:00Z
STORAGE :: DEBUG –  GET request: get_buys - timestamp:1970-01-01T00:00:00Z
STORAGE :: DEBUG –  GET request: get_sells - timestamp:1970-01-01T00:00:00Z
STORAGE :: DEBUG –  GET request: get_buys - timestamp:1970-01-01T00:00:00Z
STORAGE :: DEBUG –  GET request: get_sells - timestamp:1970-01-01T00:00:00Z
STORAGE :: DEBUG –  GET request: get_buys - timestamp:1970-01-01T00:00:00Z
STORAGE :: DEBUG –  GET request: get_sells - timestamp:1970-01-01T00:00:00Z
STORAGE :: DEBUG –  GET request: get_buys - timestamp:1970-01-01T00:00:00Z
STORAGE :: DEBUG –  GET request: get_sells - timestamp:1970-01-01T00:00:00Z
STORAGE :: DEBUG –  GET request: get_buys - timestamp:1970-01-01T00:00:00Z
STORAGE :: DEBUG –  GET request: get_sells - timestamp:1970-01-01T00:00:00Z
STORAGE :: DEBUG –  GET request: get_buys - timestamp:1970-01-01T00:00:00Z
STORAGE :: DEBUG –  GET request: get_sells - timestamp:1970-01-01T00:00:00Z
STORAGE :: DEBUG –  GET request: get_buys - timestamp:1970-01-01T00:00:00Z
STORAGE :: DEBUG –  GET request: get_sells - timestamp:1970-01-01T00:00:00Z
STORAGE :: DEBUG –  GET request: get_buys - timestamp:1970-01-01T00:00:00Z
STORAGE :: DEBUG –  GET request: get_sells - timestamp:1970-01-01T00:00:00Z
STORAGE :: DEBUG –  GET request: get_buys - timestamp:1970-01-01T00:00:00Z
STORAGE :: DEBUG –  GET request: get_sells - timestamp:1970-01-01T00:00:00Z
STORAGE :: DEBUG –  GET request: get_buys - timestamp:1970-01-01T00:00:00Z
STORAGE :: DEBUG –  GET request: get_sells - timestamp:1970-01-01T00:00:00Z
STORAGE :: DEBUG –  GET request: get_buys - timestamp:1970-01-01T00:00:00Z
STORAGE :: DEBUG –  GET request: get_sells - timestamp:1970-01-01T00:00:00Z
STORAGE :: DEBUG –  GET request: get_buys - timestamp:1970-01-01T00:00:00Z
STORAGE :: DEBUG –  GET request: get_sells - timestamp:1970-01-01T00:00:00Z
STORAGE :: DEBUG –  GET request: get_buys - timestamp:1970-01-01T00:00:00Z
STORAGE :: DEBUG –  GET request: get_sells - timestamp:1970-01-01T00:00:00Z
STORAGE :: DEBUG –  GET request: get_buys - timestamp:1970-01-01T00:00:00Z
STORAGE :: DEBUG –  GET request: get_sells - timestamp:1970-01-01T00:00:00Z
STORAGE :: DEBUG –  GET request: get_buys - timestamp:1970-01-01T00:00:00Z
STORAGE :: DEBUG –  GET request: get_sells - timestamp:1970-01-01T00:00:00Z
STORAGE :: DEBUG –  GET request: get_buys - timestamp:1970-01-01T00:00:00Z
STORAGE :: DEBUG –  GET request: get_sells - timestamp:1970-01-01T00:00:00Z
STORAGE :: DEBUG –  GET request: get_buys - timestamp:1970-01-01T00:00:00Z
STORAGE :: DEBUG –  GET request: get_sells - timestamp:1970-01-01T00:00:00Z
STORAGE :: DEBUG –  GET request: get_buys - timestamp:1970-01-01T00:00:00Z
STORAGE :: DEBUG –  GET request: get_sells - timestamp:1970-01-01T00:00:00Z
STORAGE :: DEBUG –  GET request: get_buys - timestamp:1970-01-01T00:00:00Z
STORAGE :: DEBUG –  GET request: get_sells - timestamp:1970-01-01T00:00:00Z
STORAGE :: DEBUG –  GET request: get_buys - timestamp:1970-01-01T00:00:00Z
STORAGE :: DEBUG –  GET request: get_sells - timestamp:1970-01-01T00:00:00Z
STORAGE :: DEBUG –  GET request: get_buys - timestamp:1970-01-01T00:00:00Z
STORAGE :: DEBUG –  GET request: get_sells - timestamp:1970-01-01T00:00:00Z
STORAGE :: DEBUG –  GET request: get_buys - timestamp:1970-01-01T00:00:00Z
STORAGE :: DEBUG –  GET request: get_sells - timestamp:1970-01-01T00:00:00Z
STORAGE :: DEBUG –  GET request: get_buys - timestamp:1970-01-01T00:00:00Z
STORAGE :: DEBUG –  GET request: get_sells - timestamp:1970-01-01T00:00:00Z
STORAGE :: DEBUG –  GET request: get_buys - timestamp:1970-01-01T00:00:00Z
STORAGE :: DEBUG –  GET request: get_sells - timestamp:1970-01-01T00:00:00Z
STORAGE :: DEBUG –  GET request: get_buys - timestamp:1970-01-01T00:00:00Z
STORAGE :: DEBUG –  GET request: get_sells - timestamp:1970-01-01T00:00:00Z
STORAGE :: DEBUG –  GET request: get_buys - timestamp:1970-01-01T00:00:00Z
STORAGE :: DEBUG –  GET request: get_sells - timestamp:1970-01-01T00:00:00Z
STORAGE :: DEBUG –  GET request: get_buys - timestamp:1970-01-01T00:00:00Z
STORAGE :: DEBUG –  GET request: get_sells - timestamp:1970-01-01T00:00:00Z
STORAGE :: DEBUG –  GET request: get_buys - timestamp:1970-01-01T00:00:00Z
STORAGE :: DEBUG –  GET request: get_sells - timestamp:1970-01-01T00:00:00Z
STORAGE :: DEBUG –  GET request: get_buys - timestamp:1970-01-01T00:00:00Z
STORAGE :: DEBUG –  GET request: get_sells - timestamp:1970-01-01T00:00:00Z
STORAGE :: DEBUG –  GET request: get_buys - timestamp:1970-01-01T00:00:00Z
STORAGE :: DEBUG –  GET request: get_sells - timestamp:1970-01-01T00:00:00Z
STORAGE :: DEBUG –  GET request: get_buys - timestamp:1970-01-01T00:00:00Z
STORAGE :: DEBUG –  GET request: get_sells - timestamp:1970-01-01T00:00:00Z
STORAGE :: DEBUG –  GET request: get_buys - timestamp:1970-01-01T00:00:00Z
STORAGE :: DEBUG –  GET request: get_sells - timestamp:1970-01-01T00:00:00Z
STORAGE :: DEBUG –  GET request: get_buys - timestamp:1970-01-01T00:00:00Z
STORAGE :: DEBUG –  GET request: get_sells - timestamp:1970-01-01T00:00:00Z
STORAGE :: DEBUG –  GET request: get_buys - timestamp:1970-01-01T00:00:00Z
STORAGE :: DEBUG –  GET request: get_sells - timestamp:1970-01-01T00:00:00Z
STORAGE :: DEBUG –  GET request: get_buys - timestamp:1970-01-01T00:00:00Z
STORAGE :: DEBUG –  GET request: get_sells - timestamp:1970-01-01T00:00:00Z
STORAGE :: DEBUG –  GET request: get_buys - timestamp:1970-01-01T00:00:00Z
STORAGE :: DEBUG –  GET request: get_sells - timestamp:1970-01-01T00:00:00Z
STORAGE :: DEBUG –  GET request: get_buys - timestamp:1970-01-01T00:00:00Z
STORAGE :: DEBUG –  GET request: get_sells - timestamp:1970-01-01T00:00:00Z
STORAGE :: DEBUG –  GET request: get_buys - timestamp:1970-01-01T00:00:00Z
STORAGE :: DEBUG –  GET request: get_sells - timestamp:1970-01-01T00:00:00Z
STORAGE :: DEBUG –  GET request: get_buys - timestamp:1970-01-01T00:00:00Z
STORAGE :: DEBUG –  GET request: get_sells - timestamp:1970-01-01T00:00:00Z
STORAGE :: DEBUG –  GET request: get_buys - timestamp:1970-01-01T00:00:00Z
STORAGE :: DEBUG –  GET request: get_sells - timestamp:1970-01-01T00:00:00Z
STORAGE :: DEBUG –  GET request: get_buys - timestamp:1970-01-01T00:00:00Z
STORAGE :: DEBUG –  GET request: get_sells - timestamp:1970-01-01T00:00:00Z
STORAGE :: DEBUG –  GET request: get_buys - timestamp:1970-01-01T00:00:00Z
STORAGE :: DEBUG –  GET request: get_sells - timestamp:1970-01-01T00:00:00Z
STORAGE :: DEBUG –  GET request: get_buys - timestamp:1970-01-01T00:00:00Z
STORAGE :: DEBUG –  GET request: get_sells - timestamp:1970-01-01T00:00:00Z
STORAGE :: DEBUG –  GET request: get_buys - timestamp:1970-01-01T00:00:00Z
STORAGE :: DEBUG –  GET request: get_sells - timestamp:1970-01-01T00:00:00Z
STORAGE :: DEBUG –  GET request: get_buys - timestamp:1970-01-01T00:00:00Z
STORAGE :: DEBUG –  GET request: get_sells - timestamp:1970-01-01T00:00:00Z
STORAGE :: DEBUG –  GET request: get_buys - timestamp:1970-01-01T00:00:00Z
STORAGE :: DEBUG –  GET request: get_sells - timestamp:1970-01-01T00:00:00Z
STORAGE :: DEBUG –  GET request: get_buys - timestamp:1970-01-01T00:00:00Z
STORAGE :: DEBUG –  GET request: get_sells - timestamp:1970-01-01T00:00:00Z
STORAGE :: DEBUG –  GET request: get_buys - timestamp:1970-01-01T00:00:00Z
STORAGE :: DEBUG –  GET request: get_sells - timestamp:1970-01-01T00:00:00Z
STORAGE :: DEBUG –  GET request: get_buys - timestamp:1970-01-01T00:00:00Z
STORAGE :: DEBUG –  GET request: get_sells - timestamp:1970-01-01T00:00:00Z
STORAGE :: DEBUG –  GET request: get_buys - timestamp:1970-01-01T00:00:00Z
STORAGE :: DEBUG –  GET request: get_sells - timestamp:1970-01-01T00:00:00Z
STORAGE :: DEBUG –  GET request: get_buys - timestamp:1970-01-01T00:00:00Z
STORAGE :: DEBUG –  GET request: get_sells - timestamp:1970-01-01T00:00:00Z
STORAGE :: DEBUG –  GET request: get_buys - timestamp:1970-01-01T00:00:00Z
STORAGE :: DEBUG –  GET request: get_sells - timestamp:1970-01-01T00:00:00Z
STORAGE :: DEBUG –  GET request: get_buys - timestamp:1970-01-01T00:00:00Z
STORAGE :: DEBUG –  GET request: get_sells - timestamp:1970-01-01T00:00:00Z
STORAGE :: DEBUG –  GET request: get_buys - timestamp:1970-01-01T00:00:00Z
STORAGE :: DEBUG –  GET request: get_sells - timestamp:1970-01-01T00:00:00Z
STORAGE :: DEBUG –  GET request: get_buys - timestamp:1970-01-01T00:00:00Z
STORAGE :: DEBUG –  GET request: get_sells - timestamp:1970-01-01T00:00:00Z
STORAGE :: DEBUG –  GET request: get_buys - timestamp:1970-01-01T00:00:00Z
STORAGE :: DEBUG –  GET request: get_sells - timestamp:1970-01-01T00:00:00Z
STORAGE :: DEBUG –  GET request: get_buys - timestamp:1970-01-01T00:00:00Z
STORAGE :: DEBUG –  GET request: get_sells - timestamp:1970-01-01T00:00:00Z
STORAGE :: DEBUG –  GET request: get_buys - timestamp:1970-01-01T00:00:00Z
STORAGE :: DEBUG –  GET request: get_sells - timestamp:1970-01-01T00:00:00Z
STORAGE :: DEBUG –  GET request: get_buys - timestamp:1970-01-01T00:00:00Z
STORAGE :: DEBUG –  GET request: get_sells - timestamp:1970-01-01T00:00:00Z
STORAGE :: DEBUG –  GET request: get_buys - timestamp:1970-01-01T00:00:00Z
STORAGE :: DEBUG –  GET request: get_sells - timestamp:1970-01-01T00:00:00Z
STORAGE :: DEBUG –  GET request: get_buys - timestamp:1970-01-01T00:00:00Z
STORAGE :: DEBUG –  GET request: get_sells - timestamp:1970-01-01T00:00:00Z
STORAGE :: DEBUG –  GET request: get_buys - timestamp:1970-01-01T00:00:00Z
STORAGE :: DEBUG –  GET request: get_sells - timestamp:1970-01-01T00:00:00Z
STORAGE :: DEBUG –  GET request: get_buys - timestamp:1970-01-01T00:00:00Z
STORAGE :: DEBUG –  GET request: get_sells - timestamp:1970-01-01T00:00:00Z
STORAGE :: DEBUG –  GET request: get_buys - timestamp:1970-01-01T00:00:00Z
STORAGE :: DEBUG –  GET request: get_sells - timestamp:1970-01-01T00:00:00Z
STORAGE :: DEBUG –  GET request: get_buys - timestamp:1970-01-01T00:00:00Z
STORAGE :: DEBUG –  GET request: get_sells - timestamp:1970-01-01T00:00:00Z
STORAGE :: DEBUG –  GET request: get_buys - timestamp:1970-01-01T00:00:00Z
STORAGE :: DEBUG –  GET request: get_sells - timestamp:1970-01-01T00:00:00Z
STORAGE :: DEBUG –  GET request: get_buys - timestamp:1970-01-01T00:00:00Z
STORAGE :: DEBUG –  GET request: get_sells - timestamp:1970-01-01T00:00:00Z
STORAGE :: DEBUG –  GET request: get_buys - timestamp:1970-01-01T00:00:00Z
STORAGE :: DEBUG –  GET request: get_sells - timestamp:1970-01-01T00:00:00Z
STORAGE :: DEBUG –  GET request: get_buys - timestamp:1970-01-01T00:00:00Z
STORAGE :: DEBUG –  GET request: get_sells - timestamp:1970-01-01T00:00:00Z
STORAGE :: DEBUG –  GET request: get_buys - timestamp:1970-01-01T00:00:00Z
STORAGE :: DEBUG –  GET request: get_sells - timestamp:1970-01-01T00:00:00Z
STORAGE :: DEBUG –  GET request: get_buys - timestamp:1970-01-01T00:00:00Z
STORAGE :: DEBUG –  GET request: get_sells - timestamp:1970-01-01T00:00:00Z
STORAGE :: DEBUG –  GET request: get_buys - timestamp:1970-01-01T00:00:00Z
STORAGE :: DEBUG –  GET request: get_sells - timestamp:1970-01-01T00:00:00Z
STORAGE :: DEBUG –  GET request: get_buys - timestamp:1970-01-01T00:00:00Z
STORAGE :: DEBUG –  GET request: get_sells - timestamp:1970-01-01T00:00:00Z
STORAGE :: DEBUG –  GET request: get_buys - timestamp:1970-01-01T00:00:00Z
STORAGE :: DEBUG –  GET request: get_sells - timestamp:1970-01-01T00:00:00Z
STORAGE :: DEBUG –  GET request: get_buys - timestamp:1970-01-01T00:00:00Z
STORAGE :: DEBUG –  GET request: get_sells - timestamp:1970-01-01T00:00:00Z
STORAGE :: DEBUG –  GET request: get_buys - timestamp:1970-01-01T00:00:00Z
STORAGE :: DEBUG –  GET request: get_sells - timestamp:1970-01-01T00:00:00Z
STORAGE :: DEBUG –  GET request: get_buys - timestamp:1970-01-01T00:00:00Z
STORAGE :: DEBUG –  GET request: get_sells - timestamp:1970-01-01T00:00:00Z
STORAGE :: DEBUG –  GET request: get_buys - timestamp:1970-01-01T00:00:00Z
STORAGE :: DEBUG –  GET request: get_sells - timestamp:1970-01-01T00:00:00Z
STORAGE :: DEBUG –  GET request: get_buys - timestamp:1970-01-01T00:00:00Z
STORAGE :: DEBUG –  GET request: get_sells - timestamp:1970-01-01T00:00:00Z
STORAGE :: DEBUG –  GET request: get_buys - timestamp:1970-01-01T00:00:00Z
STORAGE :: DEBUG –  GET request: get_sells - timestamp:1970-01-01T00:00:00Z
STORAGE :: DEBUG –  GET request: get_buys - timestamp:1970-01-01T00:00:00Z
STORAGE :: DEBUG –  GET request: get_sells - timestamp:1970-01-01T00:00:00Z
STORAGE :: DEBUG –  GET request: get_buys - timestamp:1970-01-01T00:00:00Z
STORAGE :: DEBUG –  GET request: get_sells - timestamp:1970-01-01T00:00:00Z
STORAGE :: DEBUG –  GET request: get_buys - timestamp:1970-01-01T00:00:00Z
STORAGE :: DEBUG –  GET request: get_sells - timestamp:1970-01-01T00:00:00Z
STORAGE :: DEBUG –  GET request: get_buys - timestamp:2023-02-07T09:57:14Z
STORAGE :: DEBUG –  GET request: get_buys - timestamp:1970-01-01T00:00:00Z
STORAGE :: DEBUG –  GET request: get_sells - timestamp:1970-01-01T00:00:00Z
STORAGE :: DEBUG –  GET request: get_buys - timestamp:1970-01-01T00:00:00Z
STORAGE :: DEBUG –  GET request: get_sells - timestamp:1970-01-01T00:00:00Z
STORAGE :: DEBUG –  GET request: get_buys - timestamp:1970-01-01T00:00:00Z
STORAGE :: DEBUG –  GET request: get_sells - timestamp:1970-01-01T00:00:00Z
STORAGE :: DEBUG –  GET request: get_buys - timestamp:2023-02-07T09:56:14Z
STORAGE :: DEBUG –  GET request: get_buys - timestamp:1970-01-01T00:00:00Z
STORAGE :: DEBUG –  GET request: get_sells - timestamp:1970-01-01T00:00:00Z
STORAGE :: DEBUG –  GET request: get_buys - timestamp:1970-01-01T00:00:00Z
STORAGE :: DEBUG –  GET request: get_sells - timestamp:1970-01-01T00:00:00Z
STORAGE :: DEBUG –  GET request: get_buys - timestamp:1970-01-01T00:00:00Z
STORAGE :: DEBUG –  GET request: get_sells - timestamp:1970-01-01T00:00:00Z
STORAGE :: DEBUG –  GET request: get_buys - timestamp:1970-01-01T00:00:00Z
STORAGE :: DEBUG –  GET request: get_sells - timestamp:1970-01-01T00:00:00Z
STORAGE :: DEBUG –  GET request: get_buys - timestamp:1970-01-01T00:00:00Z
STORAGE :: DEBUG –  GET request: get_sells - timestamp:1970-01-01T00:00:00Z
STORAGE :: DEBUG –  GET request: get_buys - timestamp:1970-01-01T00:00:00Z
STORAGE :: DEBUG –  GET request: get_sells - timestamp:1970-01-01T00:00:00Z
STORAGE :: DEBUG –  GET request: get_buys - timestamp:2023-01-07T09:57:14Z
STORAGE :: DEBUG –  GET request: get_buys - timestamp:1970-01-01T00:00:00Z
STORAGE :: DEBUG –  GET request: get_sells - timestamp:1970-01-01T00:00:00Z
STORAGE :: DEBUG –  GET request: get_buys - timestamp:1970-01-01T00:00:00Z
STORAGE :: DEBUG –  GET request: get_sells - timestamp:1970-01-01T00:00:00Z
STORAGE :: DEBUG –  GET request: get_buys - timestamp:2023-02-07T09:57:14Z
STORAGE :: DEBUG –  GET request: get_buys - timestamp:1970-01-01T00:00:00Z
STORAGE :: DEBUG –  GET request: get_sells - timestamp:1970-01-01T00:00:00Z
STORAGE :: DEBUG –  GET request: get_buys - timestamp:1970-01-01T00:00:00Z
STORAGE :: DEBUG –  GET request: get_sells - timestamp:1970-01-01T00:00:00Z
STORAGE :: DEBUG –  GET request: get_buys - timestamp:1970-01-01T00:00:00Z
STORAGE :: DEBUG –  GET request: get_sells - timestamp:1970-01-01T00:00:00Z
STORAGE :: DEBUG –  GET request: get_buys - timestamp:1970-01-01T00:00:00Z
STORAGE :: DEBUG –  GET request: get_sells - timestamp:1970-01-01T00:00:00Z
STORAGE :: DEBUG –  GET request: get_buys - timestamp:1970-01-01T00:00:00Z
STORAGE :: DEBUG –  GET request: get_sells - timestamp:1970-01-01T00:00:00Z
STORAGE :: DEBUG –  GET request: get_buys - timestamp:1970-01-01T00:00:00Z
STORAGE :: DEBUG –  GET request: get_sells - timestamp:1970-01-01T00:00:00Z
STORAGE :: DEBUG –  GET request: get_buys - timestamp:1970-01-01T00:00:00Z
STORAGE :: DEBUG –  GET request: get_sells - timestamp:1970-01-01T00:00:00Z
STORAGE :: DEBUG –  GET request: get_buys - timestamp:1970-01-01T00:00:00Z
STORAGE :: DEBUG –  GET request: get_sells - timestamp:1970-01-01T00:00:00Z
STORAGE :: DEBUG –  GET request: get_buys - timestamp:1970-01-01T00:00:00Z
STORAGE :: DEBUG –  GET request: get_sells - timestamp:1970-01-01T00:00:00Z
STORAGE :: DEBUG –  GET request: get_buys - timestamp:1970-01-01T00:00:00Z
STORAGE :: DEBUG –  GET request: get_sells - timestamp:1970-01-01T00:00:00Z
STORAGE :: DEBUG –  GET request: get_buys - timestamp:2023-02-07T09:57:14Z
STORAGE :: DEBUG –  GET request: get_buys - timestamp:1970-01-01T00:00:00Z
STORAGE :: DEBUG –  GET request: get_sells - timestamp:1970-01-01T00:00:00Z
STORAGE :: DEBUG –  GET request: get_buys - timestamp:1970-01-01T00:00:00Z
STORAGE :: DEBUG –  GET request: get_sells - timestamp:1970-01-01T00:00:00Z
STORAGE :: DEBUG –  GET request: get_buys - timestamp:1970-01-01T00:00:00Z
STORAGE :: DEBUG –  GET request: get_sells - timestamp:1970-01-01T00:00:00Z
STORAGE :: DEBUG –  GET request: get_buys - timestamp:1970-01-01T00:00:00Z
STORAGE :: DEBUG –  GET request: get_sells - timestamp:1970-01-01T00:00:00Z
STORAGE :: DEBUG –  GET request: get_buys - timestamp:1970-01-01T00:00:00Z
STORAGE :: DEBUG –  GET request: get_sells - timestamp:1970-01-01T00:00:00Z
STORAGE :: DEBUG –  GET request: get_buys - timestamp:1970-01-01T00:00:00Z
STORAGE :: DEBUG –  GET request: get_sells - timestamp:1970-01-01T00:00:00Z
STORAGE :: DEBUG –  GET request: get_buys - timestamp:1970-01-01T00:00:00Z
STORAGE :: DEBUG –  GET request: get_sells - timestamp:1970-01-01T00:00:00Z
STORAGE :: DEBUG –  GET request: get_buys - timestamp:1970-01-01T00:00:00Z
STORAGE :: DEBUG –  GET request: get_sells - timestamp:1970-01-01T00:00:00Z
STORAGE :: DEBUG –  GET request: get_buys - timestamp:1970-01-01T00:00:00Z
STORAGE :: DEBUG –  GET request: get_sells - timestamp:1970-01-01T00:00:00Z
STORAGE :: DEBUG –  GET request: get_buys - timestamp:1970-01-01T00:00:00Z
STORAGE :: DEBUG –  GET request: get_sells - timestamp:1970-01-01T00:00:00Z
STORAGE :: DEBUG –  GET request: get_buys - timestamp:1970-01-01T00:00:00Z
STORAGE :: DEBUG –  GET request: get_sells - timestamp:1970-01-01T00:00:00Z
STORAGE :: DEBUG –  GET request: get_buys - timestamp:1970-01-01T00:00:00Z
STORAGE :: DEBUG –  GET request: get_sells - timestamp:1970-01-01T00:00:00Z
STORAGE :: DEBUG –  GET request: get_buys - timestamp:1970-01-01T00:00:00Z
STORAGE :: DEBUG –  GET request: get_sells - timestamp:1970-01-01T00:00:00Z
STORAGE :: DEBUG –  GET request: get_buys - timestamp:1970-01-01T00:00:00Z
STORAGE :: DEBUG –  GET request: get_sells - timestamp:1970-01-01T00:00:00Z
STORAGE :: DEBUG –  GET request: get_buys - timestamp:1970-01-01T00:00:00Z
STORAGE :: DEBUG –  GET request: get_sells - timestamp:1970-01-01T00:00:00Z
STORAGE :: DEBUG –  GET request: get_buys - timestamp:1970-01-01T00:00:00Z
STORAGE :: DEBUG –  GET request: get_sells - timestamp:1970-01-01T00:00:00Z
STORAGE :: DEBUG –  GET request: get_buys - timestamp:1970-01-01T00:00:00Z
STORAGE :: DEBUG –  GET request: get_sells - timestamp:1970-01-01T00:00:00Z
STORAGE :: DEBUG –  GET request: get_buys - timestamp:1970-01-01T00:00:00Z
STORAGE :: DEBUG –  GET request: get_sells - timestamp:1970-01-01T00:00:00Z
STORAGE :: DEBUG –  GET request: get_buys - timestamp:1970-01-01T00:00:00Z
STORAGE :: DEBUG –  GET request: get_sells - timestamp:1970-01-01T00:00:00Z
STORAGE :: DEBUG –  GET request: get_buys - timestamp:1970-01-01T00:00:00Z
STORAGE :: DEBUG –  GET request: get_sells - timestamp:1970-01-01T00:00:00Z
STORAGE :: DEBUG –  GET request: get_buys - timestamp:1970-01-01T00:00:00Z
STORAGE :: DEBUG –  GET request: get_sells - timestamp:1970-01-01T00:00:00Z
STORAGE :: DEBUG –  GET request: get_buys - timestamp:1970-01-01T00:00:00Z
STORAGE :: DEBUG –  GET request: get_sells - timestamp:1970-01-01T00:00:00Z
STORAGE :: DEBUG –  GET request: get_buys - timestamp:1970-01-01T00:00:00Z
STORAGE :: DEBUG –  GET request: get_sells - timestamp:1970-01-01T00:00:00Z
STORAGE :: DEBUG –  GET request: get_buys - timestamp:1970-01-01T00:00:00Z
STORAGE :: DEBUG –  GET request: get_sells - timestamp:1970-01-01T00:00:00Z
STORAGE :: DEBUG –  GET request: get_buys - timestamp:1970-01-01T00:00:00Z
STORAGE :: DEBUG –  GET request: get_sells - timestamp:1970-01-01T00:00:00Z
STORAGE :: DEBUG –  GET request: get_buys - timestamp:1970-01-01T00:00:00Z
STORAGE :: DEBUG –  GET request: get_sells - timestamp:1970-01-01T00:00:00Z
STORAGE :: DEBUG –  GET request: get_buys - timestamp:1970-01-01T00:00:00Z
STORAGE :: DEBUG –  GET request: get_sells - timestamp:1970-01-01T00:00:00Z
STORAGE :: DEBUG –  GET request: get_buys - timestamp:1970-01-01T00:00:00Z
STORAGE :: DEBUG –  GET request: get_sells - timestamp:1970-01-01T00:00:00Z
STORAGE :: DEBUG –  GET request: get_buys - timestamp:1970-01-01T00:00:00Z
STORAGE :: DEBUG –  GET request: get_sells - timestamp:1970-01-01T00:00:00Z
STORAGE :: DEBUG –  GET request: get_buys - timestamp:1970-01-01T00:00:00Z
STORAGE :: DEBUG –  GET request: get_sells - timestamp:1970-01-01T00:00:00Z
STORAGE :: DEBUG –  GET request: get_buys - timestamp:1970-01-01T00:00:00Z
STORAGE :: DEBUG –  GET request: get_sells - timestamp:1970-01-01T00:00:00Z
STORAGE :: DEBUG –  GET request: get_buys - timestamp:1970-01-01T00:00:00Z
STORAGE :: DEBUG –  GET request: get_sells - timestamp:1970-01-01T00:00:00Z
STORAGE :: DEBUG –  GET request: get_buys - timestamp:1970-01-01T00:00:00Z
STORAGE :: DEBUG –  GET request: get_sells - timestamp:1970-01-01T00:00:00Z
STORAGE :: DEBUG –  GET request: get_buys - timestamp:1970-01-01T00:00:00Z
STORAGE :: DEBUG –  GET request: get_sells - timestamp:1970-01-01T00:00:00Z
STORAGE :: DEBUG –  GET request: get_buys - timestamp:1970-01-01T00:00:00Z
STORAGE :: DEBUG –  GET request: get_sells - timestamp:1970-01-01T00:00:00Z
STORAGE :: DEBUG –  GET request: get_buys - timestamp:1970-01-01T00:00:00Z
STORAGE :: DEBUG –  GET request: get_sells - timestamp:1970-01-01T00:00:00Z
STORAGE :: DEBUG –  GET request: get_buys - timestamp:1970-01-01T00:00:00Z
STORAGE :: DEBUG –  GET request: get_sells - timestamp:1970-01-01T00:00:00Z
STORAGE :: DEBUG –  GET request: get_buys - timestamp:1970-01-01T00:00:00Z
STORAGE :: DEBUG –  GET request: get_sells - timestamp:1970-01-01T00:00:00Z
STORAGE :: DEBUG –  GET request: get_buys - timestamp:1970-01-01T00:00:00Z
STORAGE :: DEBUG –  GET request: get_sells - timestamp:1970-01-01T00:00:00Z
STORAGE :: DEBUG –  GET request: get_buys - timestamp:1970-01-01T00:00:00Z
STORAGE :: DEBUG –  GET request: get_sells - timestamp:1970-01-01T00:00:00Z
STORAGE :: DEBUG –  GET request: get_buys - timestamp:1970-01-01T00:00:00Z
STORAGE :: DEBUG –  GET request: get_sells - timestamp:1970-01-01T00:00:00Z
STORAGE :: DEBUG –  GET request: get_buys - timestamp:1970-01-01T00:00:00Z
STORAGE :: DEBUG –  GET request: get_sells - timestamp:1970-01-01T00:00:00Z
STORAGE :: DEBUG –  GET request: get_buys - timestamp:1970-01-01T00:00:00Z
STORAGE :: DEBUG –  GET request: get_sells - timestamp:1970-01-01T00:00:00Z
STORAGE :: DEBUG –  GET request: get_buys - timestamp:1970-01-01T00:00:00Z
STORAGE :: DEBUG –  GET request: get_sells - timestamp:1970-01-01T00:00:00Z
STORAGE :: DEBUG –  GET request: get_buys - timestamp:1970-01-01T00:00:00Z
STORAGE :: DEBUG –  GET request: get_sells - timestamp:1970-01-01T00:00:00Z
STORAGE :: DEBUG –  GET request: get_buys - timestamp:1970-01-01T00:00:00Z
STORAGE :: DEBUG –  GET request: get_sells - timestamp:1970-01-01T00:00:00Z
STORAGE :: DEBUG – Stored buy event with trace id97807377-2ece-46f0-a65f-e475cadd754b
STORAGE :: DEBUG –  GET request: get_buys - timestamp:1970-01-01T00:00:00Z
STORAGE :: DEBUG –  GET request: get_sells - timestamp:1970-01-01T00:00:00Z
STORAGE :: DEBUG –  GET request: get_buys - timestamp:1970-01-01T00:00:00Z
STORAGE :: DEBUG –  GET request: get_sells - timestamp:1970-01-01T00:00:00Z
STORAGE :: DEBUG –  GET request: get_buys - timestamp:1970-01-01T00:00:00Z
STORAGE :: DEBUG –  GET request: get_sells - timestamp:1970-01-01T00:00:00Z
STORAGE :: DEBUG –  GET request: get_buys - timestamp:1970-01-01T00:00:00Z
STORAGE :: DEBUG –  GET request: get_sells - timestamp:1970-01-01T00:00:00Z
STORAGE :: DEBUG –  GET request: get_buys - timestamp:1970-01-01T00:00:00Z
STORAGE :: DEBUG –  GET request: get_sells - timestamp:1970-01-01T00:00:00Z
STORAGE :: DEBUG –  GET request: get_buys - timestamp:1970-01-01T00:00:00Z
STORAGE :: DEBUG –  GET request: get_sells - timestamp:1970-01-01T00:00:00Z
STORAGE :: DEBUG –  GET request: get_buys - timestamp:2023-02-07T09:57:14Z
STORAGE :: DEBUG –  GET request: get_buys - timestamp:2023-02-07T09:57:14Z
STORAGE :: DEBUG –  GET request: get_buys - timestamp:2023-02-07T09:57:14Z
STORAGE :: DEBUG –  GET request: get_buys - timestamp:2023-02-07T09:57:14Z
STORAGE :: DEBUG –  GET request: get_buys - timestamp:2023-02-07T09:57:14Z
STORAGE :: DEBUG –  GET request: get_buys - timestamp:2023-02-07T09:57:14Z
STORAGE :: DEBUG –  GET request: get_buys - timestamp:1970-01-01T00:00:00Z
STORAGE :: DEBUG –  GET request: get_sells - timestamp:1970-01-01T00:00:00Z
STORAGE :: DEBUG –  GET request: get_buys - timestamp:1970-01-01T00:00:00Z
STORAGE :: DEBUG –  GET request: get_sells - timestamp:1970-01-01T00:00:00Z
STORAGE :: DEBUG –  GET request: get_buys - timestamp:2023-02-07T09:57:14Z
STORAGE :: DEBUG –  GET request: get_buys - timestamp:1970-01-01T00:00:00Z
STORAGE :: DEBUG –  GET request: get_sells - timestamp:1970-01-01T00:00:00Z
STORAGE :: DEBUG –  GET request: get_buys - timestamp:1970-01-01T00:00:00Z
STORAGE :: DEBUG –  GET request: get_sells - timestamp:1970-01-01T00:00:00Z
STORAGE :: DEBUG –  GET request: get_buys - timestamp:1970-01-01T00:00:00Z
STORAGE :: DEBUG –  GET request: get_sells - timestamp:1970-01-01T00:00:00Z
STORAGE :: DEBUG –  GET request: get_buys - timestamp:1970-01-01T00:00:00Z
STORAGE :: DEBUG –  GET request: get_sells - timestamp:1970-01-01T00:00:00Z
STORAGE :: DEBUG –  GET request: get_buys - timestamp:1970-01-01T00:00:00Z
STORAGE :: DEBUG –  GET request: get_sells - timestamp:1970-01-01T00:00:00Z
STORAGE :: DEBUG –  GET request: get_buys - timestamp:1970-01-01T00:00:00Z
STORAGE :: DEBUG –  GET request: get_sells - timestamp:1970-01-01T00:00:00Z
STORAGE :: DEBUG –  GET request: get_buys - timestamp:1970-01-01T00:00:00Z
STORAGE :: DEBUG –  GET request: get_sells - timestamp:1970-01-01T00:00:00Z
STORAGE :: DEBUG – Stored buy event with trace id4c720b40-9365-44fd-9455-be6d3bfa27f2
STORAGE :: DEBUG –  GET request: get_buys - timestamp:1970-01-01T00:00:00Z
STORAGE :: DEBUG –  GET request: get_sells - timestamp:1970-01-01T00:00:00Z
STORAGE :: DEBUG –  GET request: get_buys - timestamp:1970-01-01T00:00:00Z
STORAGE :: DEBUG –  GET request: get_sells - timestamp:1970-01-01T00:00:00Z
STORAGE :: DEBUG –  GET request: get_buys - timestamp:1970-01-01T00:00:00Z
STORAGE :: DEBUG –  GET request: get_sells - timestamp:1970-01-01T00:00:00Z
STORAGE :: DEBUG –  GET request: get_buys - timestamp:2023-02-07T09:57:14Z
STORAGE :: DEBUG –  GET request: get_buys - timestamp:1970-01-01T00:00:00Z
STORAGE :: DEBUG –  GET request: get_sells - timestamp:1970-01-01T00:00:00Z
STORAGE :: DEBUG –  GET request: get_buys - timestamp:1970-01-01T00:00:00Z
STORAGE :: DEBUG –  GET request: get_sells - timestamp:1970-01-01T00:00:00Z
STORAGE :: DEBUG –  GET request: get_buys - timestamp:1970-01-01T00:00:00Z
STORAGE :: DEBUG –  GET request: get_sells - timestamp:1970-01-01T00:00:00Z
STORAGE :: DEBUG –  GET request: get_buys - timestamp:1970-01-01T00:00:00Z
STORAGE :: DEBUG –  GET request: get_sells - timestamp:1970-01-01T00:00:00Z
STORAGE :: DEBUG –  GET request: get_buys - timestamp:1970-01-01T00:00:00Z
STORAGE :: DEBUG –  GET request: get_sells - timestamp:1970-01-01T00:00:00Z
STORAGE :: DEBUG –  GET request: get_buys - timestamp:1970-01-01T00:00:00Z
STORAGE :: DEBUG –  GET request: get_sells - timestamp:1970-01-01T00:00:00Z
STORAGE :: DEBUG –  GET request: get_buys - timestamp:2023-02-07 10:06:37.313818
STORAGE :: DEBUG –  GET request: get_buys - timestamp:1970-01-01T00:00:00Z
STORAGE :: DEBUG –  GET request: get_sells - timestamp:1970-01-01T00:00:00Z
STORAGE :: DEBUG –  GET request: get_buys - timestamp:1970-01-01T00:00:00Z
STORAGE :: DEBUG –  GET request: get_sells - timestamp:1970-01-01T00:00:00Z
STORAGE :: DEBUG –  GET request: get_buys - timestamp:2023-02-07T10:07:09Z
STORAGE :: DEBUG –  GET request: get_buys - timestamp:1970-01-01T00:00:00Z
STORAGE :: DEBUG –  GET request: get_sells - timestamp:1970-01-01T00:00:00Z
STORAGE :: DEBUG –  GET request: get_buys - timestamp:2023-02-07T10:07:09Z
STORAGE :: DEBUG –  GET request: get_buys - timestamp:1970-01-01T00:00:00Z
STORAGE :: DEBUG –  GET request: get_sells - timestamp:1970-01-01T00:00:00Z
STORAGE :: DEBUG –  GET request: get_buys - timestamp:1970-01-01T00:00:00Z
STORAGE :: DEBUG –  GET request: get_sells - timestamp:1970-01-01T00:00:00Z
STORAGE :: DEBUG –  GET request: get_buys - timestamp:1970-01-01T00:00:00Z
STORAGE :: DEBUG –  GET request: get_sells - timestamp:1970-01-01T00:00:00Z
STORAGE :: DEBUG –  GET request: get_buys - timestamp:2023-02-07T10:07:59Z
STORAGE :: DEBUG –  GET request: get_buys - timestamp:1970-01-01T00:00:00Z
STORAGE :: DEBUG –  GET request: get_sells - timestamp:1970-01-01T00:00:00Z
STORAGE :: DEBUG –  GET request: get_buys - timestamp:2023-02-06T10:07:59Z
STORAGE :: DEBUG –  GET request: get_buys - timestamp:1970-01-01T00:00:00Z
STORAGE :: DEBUG –  GET request: get_sells - timestamp:1970-01-01T00:00:00Z
STORAGE :: DEBUG –  GET request: get_buys - timestamp:1970-01-01T00:00:00Z
STORAGE :: DEBUG –  GET request: get_sells - timestamp:1970-01-01T00:00:00Z
STORAGE :: DEBUG –  GET request: get_buys - timestamp:2023-02-07T10:06:59Z
STORAGE :: DEBUG –  GET request: get_buys - timestamp:1970-01-01T00:00:00Z
STORAGE :: DEBUG –  GET request: get_sells - timestamp:1970-01-01T00:00:00Z
STORAGE :: DEBUG –  GET request: get_buys - timestamp:1970-01-01T00:00:00Z
STORAGE :: DEBUG –  GET request: get_sells - timestamp:1970-01-01T00:00:00Z
STORAGE :: DEBUG –  GET request: get_buys - timestamp:1970-01-01T00:00:00Z
STORAGE :: DEBUG –  GET request: get_sells - timestamp:1970-01-01T00:00:00Z
STORAGE :: DEBUG –  GET request: get_buys - timestamp:2023-02-07T10:07:59Z
STORAGE :: DEBUG –  GET request: get_buys - timestamp:2023-02-07T10:07:59Z
STORAGE :: DEBUG –  GET request: get_buys - timestamp:1970-01-01T00:00:00Z
STORAGE :: DEBUG –  GET request: get_sells - timestamp:1970-01-01T00:00:00Z
STORAGE :: DEBUG –  GET request: get_buys - timestamp:1970-01-01T00:00:00Z
STORAGE :: DEBUG –  GET request: get_sells - timestamp:1970-01-01T00:00:00Z
STORAGE :: DEBUG –  GET request: get_buys - timestamp:1970-01-01T00:00:00Z
STORAGE :: DEBUG –  GET request: get_sells - timestamp:1970-01-01T00:00:00Z
STORAGE :: DEBUG –  GET request: get_buys - timestamp:2023-02-07T10:08:00Z
STORAGE :: DEBUG –  GET request: get_buys - timestamp:2023-02-07T10:08:00Z
STORAGE :: DEBUG –  GET request: get_buys - timestamp:2023-02-07T10:08:00Z
STORAGE :: DEBUG –  GET request: get_buys - timestamp:2023-02-07T10:08:00Z
STORAGE :: DEBUG –  GET request: get_buys - timestamp:2023-02-07T10:08:00Z
STORAGE :: DEBUG –  GET request: get_buys - timestamp:2023-02-07T10:08:00Z
STORAGE :: DEBUG –  GET request: get_buys - timestamp:2023-02-07T10:08:00Z
STORAGE :: DEBUG –  GET request: get_buys - timestamp:2023-02-07T10:08:00Z
STORAGE :: DEBUG –  GET request: get_buys - timestamp:2023-02-07T10:08:00Z
STORAGE :: DEBUG –  GET request: get_buys - timestamp:2023-02-07T10:08:00Z
STORAGE :: DEBUG –  GET request: get_buys - timestamp:2023-02-07T10:08:00Z
STORAGE :: DEBUG –  GET request: get_buys - timestamp:2023-02-07T10:08:00Z
STORAGE :: DEBUG –  GET request: get_buys - timestamp:2023-02-07T10:08:00Z
STORAGE :: DEBUG –  GET request: get_buys - timestamp:2023-02-07T10:08:00Z
STORAGE :: DEBUG –  GET request: get_buys - timestamp:2023-02-07T10:08:00Z
STORAGE :: DEBUG –  GET request: get_buys - timestamp:1970-01-01T00:00:00Z
STORAGE :: DEBUG –  GET request: get_sells - timestamp:1970-01-01T00:00:00Z
STORAGE :: DEBUG –  GET request: get_buys - timestamp:1970-01-01T00:00:00Z
STORAGE :: DEBUG –  GET request: get_sells - timestamp:1970-01-01T00:00:00Z
STORAGE :: DEBUG –  GET request: get_buys - timestamp:2023-02-07T10:08:00Z
STORAGE :: DEBUG –  GET request: get_buys - timestamp:1970-01-01T00:00:00Z
STORAGE :: DEBUG –  GET request: get_sells - timestamp:1970-01-01T00:00:00Z
STORAGE :: DEBUG –  GET request: get_buys - timestamp:2023-02-07T10:06:00Z
STORAGE :: DEBUG –  GET request: get_buys - timestamp:1970-01-01T00:00:00Z
STORAGE :: DEBUG –  GET request: get_sells - timestamp:1970-01-01T00:00:00Z
STORAGE :: DEBUG –  GET request: get_buys - timestamp:2023-02-07T09:06:00Z
STORAGE :: DEBUG –  GET request: get_buys - timestamp:1970-01-01T00:00:00Z
STORAGE :: DEBUG –  GET request: get_sells - timestamp:1970-01-01T00:00:00Z
STORAGE :: DEBUG –  GET request: get_buys - timestamp:1970-01-01T00:00:00Z
STORAGE :: DEBUG –  GET request: get_sells - timestamp:1970-01-01T00:00:00Z
STORAGE :: DEBUG –  GET request: get_buys - timestamp:2023-02-07T10:07:09Z
STORAGE :: DEBUG –  GET request: get_buys - timestamp:1970-01-01T00:00:00Z
STORAGE :: DEBUG –  GET request: get_sells - timestamp:1970-01-01T00:00:00Z
STORAGE :: DEBUG –  GET request: get_buys - timestamp:2023-02-06T10:07:09Z
STORAGE :: DEBUG –  GET request: get_buys - timestamp:1970-01-01T00:00:00Z
STORAGE :: DEBUG –  GET request: get_sells - timestamp:1970-01-01T00:00:00Z
STORAGE :: DEBUG –  GET request: get_buys - timestamp:1970-01-01T00:00:00Z
STORAGE :: DEBUG –  GET request: get_sells - timestamp:1970-01-01T00:00:00Z
STORAGE :: DEBUG –  GET request: get_buys - timestamp:1970-01-01T00:00:00Z
STORAGE :: DEBUG –  GET request: get_sells - timestamp:1970-01-01T00:00:00Z
STORAGE :: DEBUG –  GET request: get_buys - timestamp:1970-01-01T00:00:00Z
STORAGE :: DEBUG –  GET request: get_sells - timestamp:1970-01-01T00:00:00Z
STORAGE :: DEBUG –  GET request: get_buys - timestamp:2023-02-06T10:06:00Z
STORAGE :: DEBUG –  GET request: get_buys - timestamp:1970-01-01T00:00:00Z
STORAGE :: DEBUG –  GET request: get_sells - timestamp:1970-01-01T00:00:00Z
STORAGE :: DEBUG –  GET request: get_buys - timestamp:1970-01-01T00:00:00Z
STORAGE :: DEBUG –  GET request: get_sells - timestamp:1970-01-01T00:00:00Z
STORAGE :: DEBUG –  GET request: get_buys - timestamp:2023-02-06T10:06:36Z
STORAGE :: DEBUG –  GET request: get_buys - timestamp:1970-01-01T00:00:00Z
STORAGE :: DEBUG –  GET request: get_sells - timestamp:1970-01-01T00:00:00Z
STORAGE :: DEBUG –  GET request: get_buys - timestamp:2023-02-06T10:06:37Z
STORAGE :: DEBUG –  GET request: get_buys - timestamp:1970-01-01T00:00:00Z
STORAGE :: DEBUG –  GET request: get_sells - timestamp:1970-01-01T00:00:00Z
STORAGE :: DEBUG –  GET request: get_buys - timestamp:1970-01-01T00:00:00Z
STORAGE :: DEBUG –  GET request: get_sells - timestamp:1970-01-01T00:00:00Z
STORAGE :: DEBUG –  GET request: get_buys - timestamp:2023-02-07T10:06:37Z
STORAGE :: DEBUG –  GET request: get_buys - timestamp:2023-02-07T10:06:00Z
STORAGE :: DEBUG –  GET request: get_buys - timestamp:1970-01-01T00:00:00Z
STORAGE :: DEBUG –  GET request: get_sells - timestamp:1970-01-01T00:00:00Z
STORAGE :: DEBUG –  GET request: get_buys - timestamp:1970-01-01T00:00:00Z
STORAGE :: DEBUG –  GET request: get_sells - timestamp:1970-01-01T00:00:00Z
STORAGE :: DEBUG –  GET request: get_buys - timestamp:1970-01-01T00:00:00Z
STORAGE :: DEBUG –  GET request: get_sells - timestamp:1970-01-01T00:00:00Z
STORAGE :: DEBUG –  GET request: get_buys - timestamp:1970-01-01T00:00:00Z
STORAGE :: DEBUG –  GET request: get_sells - timestamp:1970-01-01T00:00:00Z
STORAGE :: DEBUG –  GET request: get_buys - timestamp:1970-01-01T00:00:00Z
STORAGE :: DEBUG –  GET request: get_sells - timestamp:1970-01-01T00:00:00Z
STORAGE :: DEBUG –  GET request: get_buys - timestamp:1970-01-01T00:00:00Z
STORAGE :: DEBUG –  GET request: get_sells - timestamp:1970-01-01T00:00:00Z
STORAGE :: DEBUG –  GET request: get_buys - timestamp:1970-01-01T00:00:00Z
STORAGE :: DEBUG –  GET request: get_sells - timestamp:1970-01-01T00:00:00Z
STORAGE :: DEBUG –  GET request: get_buys - timestamp:1970-01-01T00:00:00Z
STORAGE :: DEBUG –  GET request: get_sells - timestamp:1970-01-01T00:00:00Z
STORAGE :: DEBUG –  GET request: get_buys - timestamp:1970-01-01T00:00:00Z
STORAGE :: DEBUG –  GET request: get_sells - timestamp:1970-01-01T00:00:00Z
STORAGE :: DEBUG –  GET request: get_buys - timestamp:1970-01-01T00:00:00Z
STORAGE :: DEBUG –  GET request: get_sells - timestamp:1970-01-01T00:00:00Z
STORAGE :: DEBUG –  GET request: get_buys - timestamp:1970-01-01T00:00:00Z
STORAGE :: DEBUG –  GET request: get_sells - timestamp:1970-01-01T00:00:00Z
STORAGE :: DEBUG –  GET request: get_buys - timestamp:1970-01-01T00:00:00Z
STORAGE :: DEBUG –  GET request: get_sells - timestamp:1970-01-01T00:00:00Z
STORAGE :: DEBUG –  GET request: get_buys - timestamp:1970-01-01T00:00:00Z
STORAGE :: DEBUG –  GET request: get_sells - timestamp:1970-01-01T00:00:00Z
STORAGE :: DEBUG –  GET request: get_buys - timestamp:1970-01-01T00:00:00Z
STORAGE :: DEBUG –  GET request: get_sells - timestamp:1970-01-01T00:00:00Z
STORAGE :: DEBUG –  GET request: get_buys - timestamp:1970-01-01T00:00:00Z
STORAGE :: DEBUG –  GET request: get_sells - timestamp:1970-01-01T00:00:00Z
STORAGE :: DEBUG –  GET request: get_buys - timestamp:1970-01-01T00:00:00Z
STORAGE :: DEBUG –  GET request: get_sells - timestamp:1970-01-01T00:00:00Z
STORAGE :: DEBUG –  GET request: get_buys - timestamp:1970-01-01T00:00:00Z
STORAGE :: DEBUG –  GET request: get_sells - timestamp:1970-01-01T00:00:00Z
STORAGE :: DEBUG –  GET request: get_buys - timestamp:1970-01-01T00:00:00Z
STORAGE :: DEBUG –  GET request: get_sells - timestamp:1970-01-01T00:00:00Z
STORAGE :: DEBUG –  GET request: get_buys - timestamp:1970-01-01T00:00:00Z
STORAGE :: DEBUG –  GET request: get_sells - timestamp:1970-01-01T00:00:00Z
STORAGE :: DEBUG –  GET request: get_buys - timestamp:1970-01-01T00:00:00Z
STORAGE :: DEBUG –  GET request: get_sells - timestamp:1970-01-01T00:00:00Z
STORAGE :: DEBUG –  GET request: get_buys - timestamp:1970-01-01T00:00:00Z
STORAGE :: DEBUG –  GET request: get_sells - timestamp:1970-01-01T00:00:00Z
STORAGE :: DEBUG –  GET request: get_buys - timestamp:1970-01-01T00:00:00Z
STORAGE :: DEBUG –  GET request: get_sells - timestamp:1970-01-01T00:00:00Z
STORAGE :: DEBUG –  GET request: get_buys - timestamp:2023-02-07T10:00:00Z
STORAGE :: DEBUG –  GET request: get_buys - timestamp:2023-02-07T09:00:00Z
STORAGE :: DEBUG –  GET request: get_buys - timestamp:1970-01-01T00:00:00Z
STORAGE :: DEBUG –  GET request: get_sells - timestamp:1970-01-01T00:00:00Z
STORAGE :: DEBUG –  GET request: get_buys - timestamp:1970-01-01T00:00:00Z
STORAGE :: DEBUG –  GET request: get_sells - timestamp:1970-01-01T00:00:00Z
STORAGE :: DEBUG –  GET request: get_buys - timestamp:1970-01-01T00:00:00Z
STORAGE :: DEBUG –  GET request: get_sells - timestamp:1970-01-01T00:00:00Z
STORAGE :: DEBUG –  GET request: get_buys - timestamp:1970-01-01T00:00:00Z
STORAGE :: DEBUG –  GET request: get_sells - timestamp:1970-01-01T00:00:00Z
STORAGE :: DEBUG –  GET request: get_buys - timestamp:1970-01-01T00:00:00Z
STORAGE :: DEBUG –  GET request: get_sells - timestamp:1970-01-01T00:00:00Z
STORAGE :: DEBUG –  GET request: get_buys - timestamp:1970-01-01T00:00:00Z
STORAGE :: DEBUG –  GET request: get_sells - timestamp:1970-01-01T00:00:00Z
STORAGE :: DEBUG –  GET request: get_buys - timestamp:1970-01-01T00:00:00Z
STORAGE :: DEBUG –  GET request: get_sells - timestamp:1970-01-01T00:00:00Z
STORAGE :: DEBUG –  GET request: get_buys - timestamp:1970-01-01T00:00:00Z
STORAGE :: DEBUG –  GET request: get_sells - timestamp:1970-01-01T00:00:00Z
STORAGE :: DEBUG –  GET request: get_buys - timestamp:1970-01-01T00:00:00Z
STORAGE :: DEBUG –  GET request: get_sells - timestamp:1970-01-01T00:00:00Z
STORAGE :: DEBUG –  GET request: get_buys - timestamp:1970-01-01T00:00:00Z
STORAGE :: DEBUG –  GET request: get_sells - timestamp:1970-01-01T00:00:00Z
STORAGE :: DEBUG –  GET request: get_buys - timestamp:1970-01-01T00:00:00Z
STORAGE :: DEBUG –  GET request: get_sells - timestamp:1970-01-01T00:00:00Z
STORAGE :: DEBUG –  GET request: get_buys - timestamp:1970-01-01T00:00:00Z
STORAGE :: DEBUG –  GET request: get_sells - timestamp:1970-01-01T00:00:00Z
STORAGE :: DEBUG –  GET request: get_buys - timestamp:1970-01-01T00:00:00Z
STORAGE :: DEBUG –  GET request: get_sells - timestamp:1970-01-01T00:00:00Z
STORAGE :: DEBUG –  GET request: get_buys - timestamp:2023-02-07T10:07:09Z
STORAGE :: DEBUG –  GET request: get_buys - timestamp:1970-01-01T00:00:00Z
STORAGE :: DEBUG –  GET request: get_sells - timestamp:1970-01-01T00:00:00Z
STORAGE :: DEBUG –  GET request: get_buys - timestamp:1970-01-01T00:00:00Z
STORAGE :: DEBUG –  GET request: get_sells - timestamp:1970-01-01T00:00:00Z
STORAGE :: DEBUG –  GET request: get_buys - timestamp:1970-01-01T00:00:00Z
STORAGE :: DEBUG –  GET request: get_sells - timestamp:1970-01-01T00:00:00Z
STORAGE :: DEBUG –  GET request: get_buys - timestamp:1970-01-01T00:00:00Z
STORAGE :: DEBUG –  GET request: get_sells - timestamp:1970-01-01T00:00:00Z
STORAGE :: DEBUG –  GET request: get_buys - timestamp:2023-02-07 10:06:37.313818
STORAGE :: DEBUG –  GET request: get_buys - timestamp:2023-02-07 10:06:37.313818
STORAGE :: DEBUG –  GET request: get_buys - timestamp:1970-01-01T00:00:00Z
STORAGE :: DEBUG –  GET request: get_sells - timestamp:1970-01-01T00:00:00Z
STORAGE :: DEBUG –  GET request: get_buys - timestamp:1970-01-01T00:00:00Z
STORAGE :: DEBUG –  GET request: get_sells - timestamp:1970-01-01T00:00:00Z
STORAGE :: DEBUG –  GET request: get_buys - timestamp:1970-01-01T00:00:00Z
STORAGE :: DEBUG –  GET request: get_sells - timestamp:1970-01-01T00:00:00Z
STORAGE :: DEBUG –  GET request: get_buys - timestamp:2023-02-07 10:06:37.313818
STORAGE :: DEBUG –  GET request: get_buys - timestamp:2023-02-07 10:06:37.313818
STORAGE :: DEBUG –  GET request: get_buys - timestamp:1970-01-01T00:00:00Z
STORAGE :: DEBUG –  GET request: get_sells - timestamp:1970-01-01T00:00:00Z
STORAGE :: DEBUG –  GET request: get_buys - timestamp:1970-01-01T00:00:00Z
STORAGE :: DEBUG –  GET request: get_sells - timestamp:1970-01-01T00:00:00Z
STORAGE :: DEBUG –  GET request: get_buys - timestamp:1970-01-01T00:00:00Z
STORAGE :: DEBUG –  GET request: get_sells - timestamp:1970-01-01T00:00:00Z
STORAGE :: DEBUG –  GET request: get_buys - timestamp:2023-02-07T10:07:09Z
STORAGE :: DEBUG –  GET request: get_buys - timestamp:2023-02-07T10:07:09Z
STORAGE :: DEBUG –  GET request: get_buys - timestamp:2023-02-07T10:07:09Z
STORAGE :: DEBUG –  GET request: get_buys - timestamp:2023-02-07T10:07:09Z
STORAGE :: DEBUG –  GET request: get_buys - timestamp:2023-02-07T10:07:09Z
STORAGE :: DEBUG –  GET request: get_buys - timestamp:2023-02-07T10:07:09Z
STORAGE :: DEBUG –  GET request: get_buys - timestamp:1970-01-01T00:00:00Z
STORAGE :: DEBUG –  GET request: get_sells - timestamp:1970-01-01T00:00:00Z
STORAGE :: DEBUG –  GET request: get_buys - timestamp:1970-01-01T00:00:00Z
STORAGE :: DEBUG –  GET request: get_sells - timestamp:1970-01-01T00:00:00Z
STORAGE :: DEBUG –  GET request: get_buys - timestamp:2023-02-07T10:10:09Z
STORAGE :: DEBUG –  GET request: get_buys - timestamp:2023-02-07T10:10:09Z
STORAGE :: DEBUG –  GET request: get_buys - timestamp:1970-01-01T00:00:00Z
STORAGE :: DEBUG –  GET request: get_sells - timestamp:1970-01-01T00:00:00Z
STORAGE :: DEBUG –  GET request: get_buys - timestamp:1970-01-01T00:00:00Z
STORAGE :: DEBUG –  GET request: get_sells - timestamp:1970-01-01T00:00:00Z
STORAGE :: DEBUG –  GET request: get_buys - timestamp:1970-01-01T00:00:00Z
STORAGE :: DEBUG –  GET request: get_sells - timestamp:1970-01-01T00:00:00Z
STORAGE :: DEBUG –  GET request: get_buys - timestamp:2023-02-07T10:18:50Z
STORAGE :: DEBUG –  GET request: get_buys - timestamp:2023-02-07T10:18:50Z
STORAGE :: DEBUG –  GET request: get_buys - timestamp:1970-01-01T00:00:00Z
STORAGE :: DEBUG –  GET request: get_sells - timestamp:1970-01-01T00:00:00Z
STORAGE :: DEBUG –  GET request: get_buys - timestamp:1970-01-01T00:00:00Z
STORAGE :: DEBUG –  GET request: get_sells - timestamp:1970-01-01T00:00:00Z
STORAGE :: DEBUG –  GET request: get_buys - timestamp:1970-01-01T00:00:00Z
STORAGE :: DEBUG –  GET request: get_sells - timestamp:1970-01-01T00:00:00Z
STORAGE :: DEBUG –  GET request: get_buys - timestamp:2023-02-07T10:05:50Z
STORAGE :: DEBUG –  GET request: get_buys - timestamp:1970-01-01T00:00:00Z
STORAGE :: DEBUG –  GET request: get_sells - timestamp:1970-01-01T00:00:00Z
STORAGE :: DEBUG –  GET request: get_buys - timestamp:1970-01-01T00:00:00Z
STORAGE :: DEBUG –  GET request: get_sells - timestamp:1970-01-01T00:00:00Z
STORAGE :: DEBUG –  GET request: get_buys - timestamp:1970-01-01T00:00:00Z
STORAGE :: DEBUG –  GET request: get_sells - timestamp:1970-01-01T00:00:00Z
STORAGE :: DEBUG –  GET request: get_buys - timestamp:1970-01-01T00:00:00Z
STORAGE :: DEBUG –  GET request: get_sells - timestamp:1970-01-01T00:00:00Z
STORAGE :: DEBUG –  GET request: get_buys - timestamp:1970-01-01T00:00:00Z
STORAGE :: DEBUG –  GET request: get_sells - timestamp:1970-01-01T00:00:00Z
STORAGE :: DEBUG –  GET request: get_buys - timestamp:1970-01-01T00:00:00Z
STORAGE :: DEBUG –  GET request: get_sells - timestamp:1970-01-01T00:00:00Z
STORAGE :: DEBUG –  GET request: get_buys - timestamp:1970-01-01T00:00:00Z
STORAGE :: DEBUG –  GET request: get_sells - timestamp:1970-01-01T00:00:00Z
STORAGE :: DEBUG –  GET request: get_buys - timestamp:1970-01-01T00:00:00Z
STORAGE :: DEBUG –  GET request: get_sells - timestamp:1970-01-01T00:00:00Z
STORAGE :: DEBUG –  GET request: get_buys - timestamp:1970-01-01T00:00:00Z
STORAGE :: DEBUG –  GET request: get_sells - timestamp:1970-01-01T00:00:00Z
STORAGE :: DEBUG –  GET request: get_buys - timestamp:1970-01-01T00:00:00Z
STORAGE :: DEBUG –  GET request: get_sells - timestamp:1970-01-01T00:00:00Z
STORAGE :: DEBUG –  GET request: get_buys - timestamp:2023-02-07T10:05:50Z
STORAGE :: DEBUG –  GET request: get_buys - timestamp:1970-01-01T00:00:00Z
STORAGE :: DEBUG –  GET request: get_sells - timestamp:1970-01-01T00:00:00Z
STORAGE :: DEBUG –  GET request: get_buys - timestamp:1970-01-01T00:00:00Z
STORAGE :: DEBUG –  GET request: get_sells - timestamp:1970-01-01T00:00:00Z
STORAGE :: DEBUG –  GET request: get_buys - timestamp:1970-01-01T00:00:00Z
STORAGE :: DEBUG –  GET request: get_sells - timestamp:1970-01-01T00:00:00Z
STORAGE :: DEBUG –  GET request: get_buys - timestamp:1970-01-01T00:00:00Z
STORAGE :: DEBUG –  GET request: get_sells - timestamp:1970-01-01T00:00:00Z
STORAGE :: DEBUG –  GET request: get_buys - timestamp:1970-01-01T00:00:00Z
STORAGE :: DEBUG –  GET request: get_sells - timestamp:1970-01-01T00:00:00Z
STORAGE :: DEBUG –  GET request: get_buys - timestamp:1970-01-01T00:00:00Z
STORAGE :: DEBUG –  GET request: get_sells - timestamp:1970-01-01T00:00:00Z
STORAGE :: DEBUG – Stored buy event with trace id155e0a71-a59b-47fa-acec-3bb5cb697d9d
STORAGE :: DEBUG –  GET request: get_buys - timestamp:1970-01-01T00:00:00Z
STORAGE :: DEBUG –  GET request: get_sells - timestamp:1970-01-01T00:00:00Z
STORAGE :: DEBUG –  GET request: get_buys - timestamp:1970-01-01T00:00:00Z
STORAGE :: DEBUG –  GET request: get_sells - timestamp:1970-01-01T00:00:00Z
STORAGE :: DEBUG –  GET request: get_buys - timestamp:1970-01-01T00:00:00Z
STORAGE :: DEBUG –  GET request: get_sells - timestamp:1970-01-01T00:00:00Z
STORAGE :: DEBUG –  GET request: get_buys - timestamp:1970-01-01T00:00:00Z
STORAGE :: DEBUG –  GET request: get_sells - timestamp:1970-01-01T00:00:00Z
STORAGE :: DEBUG –  GET request: get_buys - timestamp:1970-01-01T00:00:00Z
STORAGE :: DEBUG –  GET request: get_sells - timestamp:1970-01-01T00:00:00Z
STORAGE :: DEBUG –  GET request: get_buys - timestamp:1970-01-01T00:00:00Z
STORAGE :: DEBUG –  GET request: get_sells - timestamp:1970-01-01T00:00:00Z
STORAGE :: DEBUG –  GET request: get_buys - timestamp:2023-02-07 10:20:47.945300
STORAGE :: DEBUG –  GET request: get_buys - timestamp:2023-02-07T10:05:50Z
STORAGE :: DEBUG –  GET request: get_buys - timestamp:2023-02-07T10:05:50Z
STORAGE :: DEBUG –  GET request: get_buys - timestamp:2023-02-07T10:05:50Z
STORAGE :: DEBUG –  GET request: get_buys - timestamp:1970-01-01T00:00:00Z
STORAGE :: DEBUG –  GET request: get_sells - timestamp:1970-01-01T00:00:00Z
STORAGE :: DEBUG –  GET request: get_buys - timestamp:1970-01-01T00:00:00Z
STORAGE :: DEBUG –  GET request: get_sells - timestamp:1970-01-01T00:00:00Z
STORAGE :: DEBUG –  GET request: get_buys - timestamp:1970-01-01T00:00:00Z
STORAGE :: DEBUG –  GET request: get_sells - timestamp:1970-01-01T00:00:00Z
STORAGE :: DEBUG –  GET request: get_buys - timestamp:1970-01-01T00:00:00Z
STORAGE :: DEBUG –  GET request: get_sells - timestamp:1970-01-01T00:00:00Z
STORAGE :: DEBUG –  GET request: get_buys - timestamp:1970-01-01T00:00:00Z
STORAGE :: DEBUG –  GET request: get_sells - timestamp:1970-01-01T00:00:00Z
STORAGE :: DEBUG –  GET request: get_buys - timestamp:1970-01-01T00:00:00Z
STORAGE :: DEBUG –  GET request: get_sells - timestamp:1970-01-01T00:00:00Z
STORAGE :: DEBUG –  GET request: get_buys - timestamp:1970-01-01T00:00:00Z
STORAGE :: DEBUG –  GET request: get_sells - timestamp:1970-01-01T00:00:00Z
